Jul 27 01:39:06.787 INFO Checking contracts
Jul 27 01:39:06.805 INFO Starting Devnet
Jul 27 01:39:06.808 INFO Initiating Devnet boot sequence (working_dir: /home/rozar/Documents/stacks/dungeon-master/.cache/stacks-devnet-1690421946)
Jul 27 01:39:06.810 INFO Creating network dungeon-master.devnet
Jul 27 01:39:06.811 INFO Starting bitcoin-node
Jul 27 01:39:08.120 INFO Created container bitcoin-node: 66084f78750e1eac6c28cc2e657a4f66bc36a18fd43116dd70c40686aa560b04
Jul 27 01:39:08.517 INFO Configuring bitcoin-node
Jul 27 01:39:09.517 INFO Waiting for bitcoin-node
Jul 27 01:39:09.597 INFO Registering addr(n3GRiDLKWuKLCw1DZmV75W1mE35qmW2tQm)#dm832d0a
Jul 27 01:39:09.665 INFO Registering addr(mjSrB3wS4xab3kYqFktwBzfTdPg367ZJ2d)#kdxvqwc5
Jul 27 01:39:10.943 INFO Registering addr(mqVnk6NPRdhntvfm4hh9vvjiRkFDUuSYsH)#ypxkdrsq
Jul 27 01:39:11.356 INFO Registering addr(mr1iPkD9N3RJZZxXRk7xF9d36gffa6exNC)#n3uhsuqz
Jul 27 01:39:11.782 INFO Registering addr(muYdXKmX9bByAueDe6KFfHd5Ff1gdN9ErG)#0ayck9fm
Jul 27 01:39:12.221 INFO Registering addr(mvZtbibDAAA3WLpY7zXXFqRa3T4XSknBX7)#hkf7ujwt
Jul 27 01:39:12.640 INFO Registering addr(mg1C76bNTutiCDV3t9nWhZs3Dc8LzUufj8)#gtqjph77
Jul 27 01:39:13.060 INFO Registering addr(mweN5WVqadScHdA81aATSdcVr4B6dNokqx)#qz3ysrq0
Jul 27 01:39:13.487 INFO Registering addr(mzxXgV6e4BZSsz8zVHm3TmqbECt7mbuErt)#pnqz0pm8
Jul 27 01:39:13.907 INFO Registering addr(n37mwmru2oaVosgfuvzBwgV2ysCQRrLko7)#lh2paj0q
Jul 27 01:39:14.338 INFO Registering addr(n2v875jbJ4RjBnTjgbfikDfnwsDV5iUByw)#8606llct
Jul 27 01:39:14.773 INFO Registering addr(mjSrB3wS4xab3kYqFktwBzfTdPg367ZJ2d)#kdxvqwc5
Jul 27 01:39:15.195 INFO Starting postgres
Jul 27 01:39:15.933 INFO Created container postgres: 5508c2e899eb0f9a663300135c0cd2c745d4fa61d91e4b0d6a73ef0a7eb5eb57
Jul 27 01:39:16.160 ERRO Fatal: unable to start postgres container: {"message":"driver failed programming external connectivity on endpoint postgres.dungeon-master.devnet (bc7925acda08109eae184de7bed418a3bd97a1ab66729cfa345787087c8fa927): Error starting userland proxy: listen tcp4 0.0.0.0:5432: bind: address already in use"}

Jul 27 01:39:16.160 INFO Handling Termination command
Jul 27 01:39:16.535 INFO Terminating bitcoin-node
Jul 27 01:39:16.535 INFO Terminating postgres
Jul 27 01:39:16.691 INFO Pruning network and containers
Jul 27 01:39:16.692 INFO Artifacts (logs, conf, chainstates) available here: /home/rozar/Documents/stacks/dungeon-master/.cache/stacks-devnet-1690421946
Jul 27 01:39:16.692 INFO ⚠️  fatal error - unable to start postgres container: {"message":"driver failed programming external connectivity on endpoint postgres.dungeon-master.devnet (bc7925acda08109eae184de7bed418a3bd97a1ab66729cfa345787087c8fa927): Error starting userland proxy: listen tcp4 0.0.0.0:5432: bind: address already in use"}

