[2m2023-07-27T01:41:22.689416Z[0m [32m INFO[0m [2mrocket::launch[0m[2m:[0m Configured for release.    
[2m2023-07-27T01:41:22.689429Z[0m [32m INFO[0m [2mrocket::launch::_[0m[2m:[0m address: 0.0.0.0    
[2m2023-07-27T01:41:22.689431Z[0m [32m INFO[0m [2mrocket::launch::_[0m[2m:[0m port: 20445    
[2m2023-07-27T01:41:22.689433Z[0m [32m INFO[0m [2mrocket::launch::_[0m[2m:[0m workers: 3    
[2m2023-07-27T01:41:22.689435Z[0m [32m INFO[0m [2mrocket::launch::_[0m[2m:[0m max blocking threads: 512    
[2m2023-07-27T01:41:22.689436Z[0m [32m INFO[0m [2mrocket::launch::_[0m[2m:[0m ident: Rocket    
[2m2023-07-27T01:41:22.689438Z[0m [32m INFO[0m [2mrocket::launch::_[0m[2m:[0m IP header: X-Real-IP    
[2m2023-07-27T01:41:22.689440Z[0m [32m INFO[0m [2mrocket::launch::_[0m[2m:[0m limits: bytes = 8KiB, data-form = 2MiB, file = 1MiB, form = 32KiB, json = 4MB, msgpack = 1MiB, string = 8KiB    
[2m2023-07-27T01:41:22.689443Z[0m [32m INFO[0m [2mrocket::launch::_[0m[2m:[0m temp dir: /tmp    
[2m2023-07-27T01:41:22.689445Z[0m [32m INFO[0m [2mrocket::launch::_[0m[2m:[0m http/2: true    
[2m2023-07-27T01:41:22.689447Z[0m [32m INFO[0m [2mrocket::launch::_[0m[2m:[0m keep-alive: 5s    
[2m2023-07-27T01:41:22.689448Z[0m [32m INFO[0m [2mrocket::launch::_[0m[2m:[0m tls: disabled    
[2m2023-07-27T01:41:22.689450Z[0m [32m INFO[0m [2mrocket::launch::_[0m[2m:[0m shutdown: ctrlc = false, force = true, signals = [SIGTERM], grace = 0s, mercy = 0s    
[2m2023-07-27T01:41:22.689452Z[0m [32m INFO[0m [2mrocket::launch::_[0m[2m:[0m log level: debug    
[2m2023-07-27T01:41:22.689454Z[0m [32m INFO[0m [2mrocket::launch::_[0m[2m:[0m cli colors: false    
[2m2023-07-27T01:41:22.689469Z[0m [32m INFO[0m [2mrocket::launch[0m[2m:[0m Routes:    
[2m2023-07-27T01:41:22.689478Z[0m [32m INFO[0m [2mrocket::launch::_[0m[2m:[0m (handle_bitcoin_rpc_call) POST / application/json    
[2m2023-07-27T01:41:22.689482Z[0m [32m INFO[0m [2mrocket::launch::_[0m[2m:[0m (handle_ping) GET /ping application/json    
[2m2023-07-27T01:41:22.689484Z[0m [32m INFO[0m [2mrocket::launch::_[0m[2m:[0m (handle_bitcoin_wallet_rpc_call) POST /wallet application/json    
[2m2023-07-27T01:41:22.689485Z[0m [32m INFO[0m [2mrocket::launch::_[0m[2m:[0m (handle_new_stacks_block) POST /new_block application/json    
[2m2023-07-27T01:41:22.689487Z[0m [32m INFO[0m [2mrocket::launch::_[0m[2m:[0m (handle_mined_block) POST /mined_block application/json    
[2m2023-07-27T01:41:22.689488Z[0m [32m INFO[0m [2mrocket::launch::_[0m[2m:[0m (handle_new_bitcoin_block) POST /new_burn_block application/json    
[2m2023-07-27T01:41:22.689490Z[0m [32m INFO[0m [2mrocket::launch::_[0m[2m:[0m (handle_new_mempool_tx) POST /new_mempool_tx application/json    
[2m2023-07-27T01:41:22.689491Z[0m [32m INFO[0m [2mrocket::launch::_[0m[2m:[0m (handle_new_microblocks) POST /new_microblocks application/json    
[2m2023-07-27T01:41:22.689493Z[0m [32m INFO[0m [2mrocket::launch::_[0m[2m:[0m (handle_drop_mempool_tx) POST /drop_mempool_tx application/json    
[2m2023-07-27T01:41:22.689494Z[0m [32m INFO[0m [2mrocket::launch::_[0m[2m:[0m (handle_mined_microblock) POST /mined_microblock application/json    
[2m2023-07-27T01:41:22.689496Z[0m [32m INFO[0m [2mrocket::launch::_[0m[2m:[0m (handle_new_attachement) POST /attachments/new application/json    
[2m2023-07-27T01:41:22.689499Z[0m [32m INFO[0m [2mrocket::launch[0m[2m:[0m Fairings:    
[2m2023-07-27T01:41:22.689501Z[0m [32m INFO[0m [2mrocket::launch::_[0m[2m:[0m Shield (liftoff, response, singleton)    
[2m2023-07-27T01:41:22.690550Z[0m [32m INFO[0m [2mrocket::shield::shield[0m[2m:[0m Shield:    
[2m2023-07-27T01:41:22.690561Z[0m [32m INFO[0m [2mrocket::shield::shield::_[0m[2m:[0m X-Content-Type-Options: nosniff    
[2m2023-07-27T01:41:22.690563Z[0m [32m INFO[0m [2mrocket::shield::shield::_[0m[2m:[0m X-Frame-Options: SAMEORIGIN    
[2m2023-07-27T01:41:22.690565Z[0m [32m INFO[0m [2mrocket::shield::shield::_[0m[2m:[0m Permissions-Policy: interest-cohort=()    
[2m2023-07-27T01:41:22.690569Z[0m [33m WARN[0m [2mrocket::launch[0m[2m:[0m Rocket has launched from http://0.0.0.0:20445    
[2m2023-07-27T01:42:56.627702Z[0m [32m INFO[0m [2mrocket::server[0m[2m:[0m POST / application/json:    
[2m2023-07-27T01:42:56.627722Z[0m [32m INFO[0m [2mrocket::server::_[0m[2m:[0m Matched: (handle_bitcoin_rpc_call) POST / application/json    
[2m2023-07-27T01:42:56.628522Z[0m [32m INFO[0m [2mrocket::server::_[0m[2m:[0m Outcome: Success    
[2m2023-07-27T01:42:56.628560Z[0m [32m INFO[0m [2mrocket::server::_[0m[2m:[0m Response succeeded.    
[2m2023-07-27T01:42:56.628957Z[0m [32m INFO[0m [2mrocket::server[0m[2m:[0m POST / application/json:    
[2m2023-07-27T01:42:56.628966Z[0m [32m INFO[0m [2mrocket::server::_[0m[2m:[0m Matched: (handle_bitcoin_rpc_call) POST / application/json    
[2m2023-07-27T01:42:56.629439Z[0m [32m INFO[0m [2mrocket::server::_[0m[2m:[0m Outcome: Success    
[2m2023-07-27T01:42:56.629463Z[0m [32m INFO[0m [2mrocket::server::_[0m[2m:[0m Response succeeded.    
[2m2023-07-27T01:42:56.629706Z[0m [32m INFO[0m [2mrocket::server[0m[2m:[0m POST /wallet/ application/json:    
[2m2023-07-27T01:42:56.629722Z[0m [32m INFO[0m [2mrocket::server::_[0m[2m:[0m Matched: (handle_bitcoin_wallet_rpc_call) POST /wallet application/json    
[2m2023-07-27T01:42:56.630421Z[0m [32m INFO[0m [2mrocket::server::_[0m[2m:[0m Outcome: Success    
[2m2023-07-27T01:42:56.630436Z[0m [32m INFO[0m [2mrocket::server::_[0m[2m:[0m Response succeeded.    
[2m2023-07-27T01:42:56.813894Z[0m [32m INFO[0m [2mrocket::server[0m[2m:[0m POST /new_block application/json:    
[2m2023-07-27T01:42:56.813904Z[0m [32m INFO[0m [2mrocket::server::_[0m[2m:[0m Matched: (handle_new_stacks_block) POST /new_block application/json    
[2m2023-07-27T01:42:56.818379Z[0m [32m INFO[0m [2mrocket::server::_[0m[2m:[0m Outcome: Success    
[2m2023-07-27T01:42:56.818398Z[0m [32m INFO[0m [2mrocket::server::_[0m[2m:[0m Response succeeded.    
[2m2023-07-27T01:42:57.086364Z[0m [32m INFO[0m [2mrocket::server[0m[2m:[0m POST /new_burn_block application/json:    
[2m2023-07-27T01:42:57.086384Z[0m [32m INFO[0m [2mrocket::server::_[0m[2m:[0m Matched: (handle_new_bitcoin_block) POST /new_burn_block application/json    
[2m2023-07-27T01:42:57.087927Z[0m [32m INFO[0m [2mrocket::server::_[0m[2m:[0m Outcome: Success    
[2m2023-07-27T01:42:57.087961Z[0m [32m INFO[0m [2mrocket::server::_[0m[2m:[0m Response succeeded.    
[2m2023-07-27T01:42:59.206193Z[0m [32m INFO[0m [2mrocket::server[0m[2m:[0m POST / application/json:    
[2m2023-07-27T01:42:59.206211Z[0m [32m INFO[0m [2mrocket::server::_[0m[2m:[0m Matched: (handle_bitcoin_rpc_call) POST / application/json    
[2m2023-07-27T01:42:59.206917Z[0m [32m INFO[0m [2mrocket::server::_[0m[2m:[0m Outcome: Success    
[2m2023-07-27T01:42:59.206952Z[0m [32m INFO[0m [2mrocket::server::_[0m[2m:[0m Response succeeded.    
[2m2023-07-27T01:42:59.207226Z[0m [32m INFO[0m [2mrocket::server[0m[2m:[0m POST /wallet/ application/json:    
[2m2023-07-27T01:42:59.207237Z[0m [32m INFO[0m [2mrocket::server::_[0m[2m:[0m Matched: (handle_bitcoin_wallet_rpc_call) POST /wallet application/json    
[2m2023-07-27T01:42:59.207874Z[0m [32m INFO[0m [2mrocket::server::_[0m[2m:[0m Outcome: Success    
[2m2023-07-27T01:42:59.207887Z[0m [32m INFO[0m [2mrocket::server::_[0m[2m:[0m Response succeeded.    
[2m2023-07-27T01:42:59.208321Z[0m [32m INFO[0m [2mrocket::server[0m[2m:[0m POST / application/json:    
[2m2023-07-27T01:42:59.208333Z[0m [32m INFO[0m [2mrocket::server::_[0m[2m:[0m Matched: (handle_bitcoin_rpc_call) POST / application/json    
[2m2023-07-27T01:42:59.232265Z[0m [32m INFO[0m [2mrocket::server::_[0m[2m:[0m Outcome: Success    
[2m2023-07-27T01:42:59.232289Z[0m [32m INFO[0m [2mrocket::server::_[0m[2m:[0m Response succeeded.    
[2m2023-07-27T01:43:00.434156Z[0m [32m INFO[0m [2mrocket::server[0m[2m:[0m POST /new_burn_block application/json:    
[2m2023-07-27T01:43:00.434176Z[0m [32m INFO[0m [2mrocket::server::_[0m[2m:[0m Matched: (handle_new_bitcoin_block) POST /new_burn_block application/json    
[2m2023-07-27T01:43:00.435412Z[0m [32m INFO[0m [2mrocket::server::_[0m[2m:[0m Outcome: Success    
[2m2023-07-27T01:43:00.435443Z[0m [32m INFO[0m [2mrocket::server::_[0m[2m:[0m Response succeeded.    
[2m2023-07-27T01:43:02.209674Z[0m [32m INFO[0m [2mrocket::server[0m[2m:[0m POST / application/json:    
[2m2023-07-27T01:43:02.209705Z[0m [32m INFO[0m [2mrocket::server::_[0m[2m:[0m Matched: (handle_bitcoin_rpc_call) POST / application/json    
[2m2023-07-27T01:43:02.210555Z[0m [32m INFO[0m [2mrocket::server::_[0m[2m:[0m Outcome: Success    
[2m2023-07-27T01:43:02.210582Z[0m [32m INFO[0m [2mrocket::server::_[0m[2m:[0m Response succeeded.    
[2m2023-07-27T01:43:02.210801Z[0m [32m INFO[0m [2mrocket::server[0m[2m:[0m POST /wallet/ application/json:    
[2m2023-07-27T01:43:02.210811Z[0m [32m INFO[0m [2mrocket::server::_[0m[2m:[0m Matched: (handle_bitcoin_wallet_rpc_call) POST /wallet application/json    
[2m2023-07-27T01:43:02.211551Z[0m [32m INFO[0m [2mrocket::server::_[0m[2m:[0m Outcome: Success    
[2m2023-07-27T01:43:02.211575Z[0m [32m INFO[0m [2mrocket::server::_[0m[2m:[0m Response succeeded.    
[2m2023-07-27T01:43:02.211989Z[0m [32m INFO[0m [2mrocket::server[0m[2m:[0m POST / application/json:    
[2m2023-07-27T01:43:02.211997Z[0m [32m INFO[0m [2mrocket::server::_[0m[2m:[0m Matched: (handle_bitcoin_rpc_call) POST / application/json    
[2m2023-07-27T01:43:02.321202Z[0m [32m INFO[0m [2mrocket::server::_[0m[2m:[0m Outcome: Success    
[2m2023-07-27T01:43:02.321246Z[0m [32m INFO[0m [2mrocket::server::_[0m[2m:[0m Response succeeded.    
[2m2023-07-27T01:43:04.291028Z[0m [32m INFO[0m [2mrocket::server[0m[2m:[0m POST /new_burn_block application/json:    
[2m2023-07-27T01:43:04.291050Z[0m [32m INFO[0m [2mrocket::server::_[0m[2m:[0m Matched: (handle_new_bitcoin_block) POST /new_burn_block application/json    
[2m2023-07-27T01:43:04.292434Z[0m [32m INFO[0m [2mrocket::server::_[0m[2m:[0m Outcome: Success    
[2m2023-07-27T01:43:04.292459Z[0m [32m INFO[0m [2mrocket::server::_[0m[2m:[0m Response succeeded.    
[2m2023-07-27T01:43:05.395986Z[0m [32m INFO[0m [2mrocket::server[0m[2m:[0m POST /new_block application/json:    
[2m2023-07-27T01:43:05.396028Z[0m [32m INFO[0m [2mrocket::server::_[0m[2m:[0m Matched: (handle_new_stacks_block) POST /new_block application/json    
[2m2023-07-27T01:43:05.400849Z[0m [32m INFO[0m [2mrocket::server::_[0m[2m:[0m Outcome: Success    
[2m2023-07-27T01:43:05.400877Z[0m [32m INFO[0m [2mrocket::server::_[0m[2m:[0m Response succeeded.    
[2m2023-07-27T01:43:06.373226Z[0m [32m INFO[0m [2mrocket::server[0m[2m:[0m POST / application/json:    
[2m2023-07-27T01:43:06.373246Z[0m [32m INFO[0m [2mrocket::server::_[0m[2m:[0m Matched: (handle_bitcoin_rpc_call) POST / application/json    
[2m2023-07-27T01:43:06.374012Z[0m [32m INFO[0m [2mrocket::server::_[0m[2m:[0m Outcome: Success    
[2m2023-07-27T01:43:06.374040Z[0m [32m INFO[0m [2mrocket::server::_[0m[2m:[0m Response succeeded.    
[2m2023-07-27T01:43:06.374307Z[0m [32m INFO[0m [2mrocket::server[0m[2m:[0m POST /wallet/ application/json:    
[2m2023-07-27T01:43:06.374318Z[0m [32m INFO[0m [2mrocket::server::_[0m[2m:[0m Matched: (handle_bitcoin_wallet_rpc_call) POST /wallet application/json    
[2m2023-07-27T01:43:06.375027Z[0m [32m INFO[0m [2mrocket::server::_[0m[2m:[0m Outcome: Success    
[2m2023-07-27T01:43:06.375046Z[0m [32m INFO[0m [2mrocket::server::_[0m[2m:[0m Response succeeded.    
[2m2023-07-27T01:43:06.375446Z[0m [32m INFO[0m [2mrocket::server[0m[2m:[0m POST / application/json:    
[2m2023-07-27T01:43:06.375453Z[0m [32m INFO[0m [2mrocket::server::_[0m[2m:[0m Matched: (handle_bitcoin_rpc_call) POST / application/json    
[2m2023-07-27T01:43:06.383332Z[0m [32m INFO[0m [2mrocket::server::_[0m[2m:[0m Outcome: Success    
[2m2023-07-27T01:43:06.383346Z[0m [32m INFO[0m [2mrocket::server::_[0m[2m:[0m Response succeeded.    
[2m2023-07-27T01:43:06.406721Z[0m [32m INFO[0m [2mrocket::server[0m[2m:[0m POST /new_mempool_tx application/json:    
[2m2023-07-27T01:43:06.406742Z[0m [32m INFO[0m [2mrocket::server::_[0m[2m:[0m Matched: (handle_new_mempool_tx) POST /new_mempool_tx application/json    
[2m2023-07-27T01:43:06.406820Z[0m [32m INFO[0m [2mrocket::server::_[0m[2m:[0m Outcome: Success    
[2m2023-07-27T01:43:06.406844Z[0m [32m INFO[0m [2mrocket::server::_[0m[2m:[0m Response succeeded.    
[2m2023-07-27T01:43:06.450821Z[0m [32m INFO[0m [2mrocket::server[0m[2m:[0m POST /new_mempool_tx application/json:    
[2m2023-07-27T01:43:06.450842Z[0m [32m INFO[0m [2mrocket::server::_[0m[2m:[0m Matched: (handle_new_mempool_tx) POST /new_mempool_tx application/json    
[2m2023-07-27T01:43:06.450921Z[0m [32m INFO[0m [2mrocket::server::_[0m[2m:[0m Outcome: Success    
[2m2023-07-27T01:43:06.450943Z[0m [32m INFO[0m [2mrocket::server::_[0m[2m:[0m Response succeeded.    
[2m2023-07-27T01:43:06.499273Z[0m [32m INFO[0m [2mrocket::server[0m[2m:[0m POST /new_mempool_tx application/json:    
[2m2023-07-27T01:43:06.499298Z[0m [32m INFO[0m [2mrocket::server::_[0m[2m:[0m Matched: (handle_new_mempool_tx) POST /new_mempool_tx application/json    
[2m2023-07-27T01:43:06.499427Z[0m [32m INFO[0m [2mrocket::server::_[0m[2m:[0m Outcome: Success    
[2m2023-07-27T01:43:06.499451Z[0m [32m INFO[0m [2mrocket::server::_[0m[2m:[0m Response succeeded.    
[2m2023-07-27T01:43:06.542927Z[0m [32m INFO[0m [2mrocket::server[0m[2m:[0m POST /new_mempool_tx application/json:    
[2m2023-07-27T01:43:06.542948Z[0m [32m INFO[0m [2mrocket::server::_[0m[2m:[0m Matched: (handle_new_mempool_tx) POST /new_mempool_tx application/json    
[2m2023-07-27T01:43:06.543044Z[0m [32m INFO[0m [2mrocket::server::_[0m[2m:[0m Outcome: Success    
[2m2023-07-27T01:43:06.543066Z[0m [32m INFO[0m [2mrocket::server::_[0m[2m:[0m Response succeeded.    
[2m2023-07-27T01:43:06.587163Z[0m [32m INFO[0m [2mrocket::server[0m[2m:[0m POST /new_mempool_tx application/json:    
[2m2023-07-27T01:43:06.587187Z[0m [32m INFO[0m [2mrocket::server::_[0m[2m:[0m Matched: (handle_new_mempool_tx) POST /new_mempool_tx application/json    
[2m2023-07-27T01:43:06.587280Z[0m [32m INFO[0m [2mrocket::server::_[0m[2m:[0m Outcome: Success    
[2m2023-07-27T01:43:06.587306Z[0m [32m INFO[0m [2mrocket::server::_[0m[2m:[0m Response succeeded.    
[2m2023-07-27T01:43:06.631532Z[0m [32m INFO[0m [2mrocket::server[0m[2m:[0m POST /new_mempool_tx application/json:    
[2m2023-07-27T01:43:06.631553Z[0m [32m INFO[0m [2mrocket::server::_[0m[2m:[0m Matched: (handle_new_mempool_tx) POST /new_mempool_tx application/json    
[2m2023-07-27T01:43:06.631734Z[0m [32m INFO[0m [2mrocket::server::_[0m[2m:[0m Outcome: Success    
[2m2023-07-27T01:43:06.631755Z[0m [32m INFO[0m [2mrocket::server::_[0m[2m:[0m Response succeeded.    
[2m2023-07-27T01:43:06.675665Z[0m [32m INFO[0m [2mrocket::server[0m[2m:[0m POST /new_mempool_tx application/json:    
[2m2023-07-27T01:43:06.675686Z[0m [32m INFO[0m [2mrocket::server::_[0m[2m:[0m Matched: (handle_new_mempool_tx) POST /new_mempool_tx application/json    
[2m2023-07-27T01:43:06.675947Z[0m [32m INFO[0m [2mrocket::server::_[0m[2m:[0m Outcome: Success    
[2m2023-07-27T01:43:06.675972Z[0m [32m INFO[0m [2mrocket::server::_[0m[2m:[0m Response succeeded.    
[2m2023-07-27T01:43:06.723433Z[0m [32m INFO[0m [2mrocket::server[0m[2m:[0m POST /new_mempool_tx application/json:    
[2m2023-07-27T01:43:06.723455Z[0m [32m INFO[0m [2mrocket::server::_[0m[2m:[0m Matched: (handle_new_mempool_tx) POST /new_mempool_tx application/json    
[2m2023-07-27T01:43:06.723607Z[0m [32m INFO[0m [2mrocket::server::_[0m[2m:[0m Outcome: Success    
[2m2023-07-27T01:43:06.723627Z[0m [32m INFO[0m [2mrocket::server::_[0m[2m:[0m Response succeeded.    
[2m2023-07-27T01:43:06.774345Z[0m [32m INFO[0m [2mrocket::server[0m[2m:[0m POST /new_mempool_tx application/json:    
[2m2023-07-27T01:43:06.774374Z[0m [32m INFO[0m [2mrocket::server::_[0m[2m:[0m Matched: (handle_new_mempool_tx) POST /new_mempool_tx application/json    
[2m2023-07-27T01:43:06.774544Z[0m [32m INFO[0m [2mrocket::server::_[0m[2m:[0m Outcome: Success    
[2m2023-07-27T01:43:06.774574Z[0m [32m INFO[0m [2mrocket::server::_[0m[2m:[0m Response succeeded.    
[2m2023-07-27T01:43:06.823187Z[0m [32m INFO[0m [2mrocket::server[0m[2m:[0m POST /new_mempool_tx application/json:    
[2m2023-07-27T01:43:06.823202Z[0m [32m INFO[0m [2mrocket::server::_[0m[2m:[0m Matched: (handle_new_mempool_tx) POST /new_mempool_tx application/json    
[2m2023-07-27T01:43:06.823330Z[0m [32m INFO[0m [2mrocket::server::_[0m[2m:[0m Outcome: Success    
[2m2023-07-27T01:43:06.823347Z[0m [32m INFO[0m [2mrocket::server::_[0m[2m:[0m Response succeeded.    
[2m2023-07-27T01:43:06.866876Z[0m [32m INFO[0m [2mrocket::server[0m[2m:[0m POST /new_mempool_tx application/json:    
[2m2023-07-27T01:43:06.866886Z[0m [32m INFO[0m [2mrocket::server::_[0m[2m:[0m Matched: (handle_new_mempool_tx) POST /new_mempool_tx application/json    
[2m2023-07-27T01:43:06.866982Z[0m [32m INFO[0m [2mrocket::server::_[0m[2m:[0m Outcome: Success    
[2m2023-07-27T01:43:06.866994Z[0m [32m INFO[0m [2mrocket::server::_[0m[2m:[0m Response succeeded.    
[2m2023-07-27T01:43:06.914755Z[0m [32m INFO[0m [2mrocket::server[0m[2m:[0m POST /new_mempool_tx application/json:    
[2m2023-07-27T01:43:06.914766Z[0m [32m INFO[0m [2mrocket::server::_[0m[2m:[0m Matched: (handle_new_mempool_tx) POST /new_mempool_tx application/json    
[2m2023-07-27T01:43:06.914869Z[0m [32m INFO[0m [2mrocket::server::_[0m[2m:[0m Outcome: Success    
[2m2023-07-27T01:43:06.914880Z[0m [32m INFO[0m [2mrocket::server::_[0m[2m:[0m Response succeeded.    
[2m2023-07-27T01:43:06.958586Z[0m [32m INFO[0m [2mrocket::server[0m[2m:[0m POST /new_mempool_tx application/json:    
[2m2023-07-27T01:43:06.958594Z[0m [32m INFO[0m [2mrocket::server::_[0m[2m:[0m Matched: (handle_new_mempool_tx) POST /new_mempool_tx application/json    
[2m2023-07-27T01:43:06.958648Z[0m [32m INFO[0m [2mrocket::server::_[0m[2m:[0m Outcome: Success    
[2m2023-07-27T01:43:06.958658Z[0m [32m INFO[0m [2mrocket::server::_[0m[2m:[0m Response succeeded.    
[2m2023-07-27T01:43:07.002314Z[0m [32m INFO[0m [2mrocket::server[0m[2m:[0m POST /new_mempool_tx application/json:    
[2m2023-07-27T01:43:07.002322Z[0m [32m INFO[0m [2mrocket::server::_[0m[2m:[0m Matched: (handle_new_mempool_tx) POST /new_mempool_tx application/json    
[2m2023-07-27T01:43:07.002371Z[0m [32m INFO[0m [2mrocket::server::_[0m[2m:[0m Outcome: Success    
[2m2023-07-27T01:43:07.002381Z[0m [32m INFO[0m [2mrocket::server::_[0m[2m:[0m Response succeeded.    
[2m2023-07-27T01:43:07.050248Z[0m [32m INFO[0m [2mrocket::server[0m[2m:[0m POST /new_mempool_tx application/json:    
[2m2023-07-27T01:43:07.050256Z[0m [32m INFO[0m [2mrocket::server::_[0m[2m:[0m Matched: (handle_new_mempool_tx) POST /new_mempool_tx application/json    
[2m2023-07-27T01:43:07.050288Z[0m [32m INFO[0m [2mrocket::server::_[0m[2m:[0m Outcome: Success    
[2m2023-07-27T01:43:07.050299Z[0m [32m INFO[0m [2mrocket::server::_[0m[2m:[0m Response succeeded.    
[2m2023-07-27T01:43:07.094821Z[0m [32m INFO[0m [2mrocket::server[0m[2m:[0m POST /new_mempool_tx application/json:    
[2m2023-07-27T01:43:07.094830Z[0m [32m INFO[0m [2mrocket::server::_[0m[2m:[0m Matched: (handle_new_mempool_tx) POST /new_mempool_tx application/json    
[2m2023-07-27T01:43:07.094924Z[0m [32m INFO[0m [2mrocket::server::_[0m[2m:[0m Outcome: Success    
[2m2023-07-27T01:43:07.094936Z[0m [32m INFO[0m [2mrocket::server::_[0m[2m:[0m Response succeeded.    
[2m2023-07-27T01:43:07.142538Z[0m [32m INFO[0m [2mrocket::server[0m[2m:[0m POST /new_mempool_tx application/json:    
[2m2023-07-27T01:43:07.142548Z[0m [32m INFO[0m [2mrocket::server::_[0m[2m:[0m Matched: (handle_new_mempool_tx) POST /new_mempool_tx application/json    
[2m2023-07-27T01:43:07.142592Z[0m [32m INFO[0m [2mrocket::server::_[0m[2m:[0m Outcome: Success    
[2m2023-07-27T01:43:07.142604Z[0m [32m INFO[0m [2mrocket::server::_[0m[2m:[0m Response succeeded.    
[2m2023-07-27T01:43:07.512081Z[0m [32m INFO[0m [2mrocket::server[0m[2m:[0m POST / application/json:    
[2m2023-07-27T01:43:07.512099Z[0m [32m INFO[0m [2mrocket::server::_[0m[2m:[0m Matched: (handle_bitcoin_rpc_call) POST / application/json    
[2m2023-07-27T01:43:07.524591Z[0m [32m INFO[0m [2mrocket::server::_[0m[2m:[0m Outcome: Success    
[2m2023-07-27T01:43:07.524616Z[0m [32m INFO[0m [2mrocket::server::_[0m[2m:[0m Response succeeded.    
[2m2023-07-27T01:43:08.459133Z[0m [32m INFO[0m [2mrocket::server[0m[2m:[0m POST /new_burn_block application/json:    
[2m2023-07-27T01:43:08.459153Z[0m [32m INFO[0m [2mrocket::server::_[0m[2m:[0m Matched: (handle_new_bitcoin_block) POST /new_burn_block application/json    
[2m2023-07-27T01:43:08.460438Z[0m [32m INFO[0m [2mrocket::server::_[0m[2m:[0m Outcome: Success    
[2m2023-07-27T01:43:08.460466Z[0m [32m INFO[0m [2mrocket::server::_[0m[2m:[0m Response succeeded.    
[2m2023-07-27T01:43:09.514734Z[0m [32m INFO[0m [2mrocket::server[0m[2m:[0m POST /new_burn_block application/json:    
[2m2023-07-27T01:43:09.514752Z[0m [32m INFO[0m [2mrocket::server::_[0m[2m:[0m Matched: (handle_new_bitcoin_block) POST /new_burn_block application/json    
[2m2023-07-27T01:43:09.515675Z[0m [32m INFO[0m [2mrocket::server::_[0m[2m:[0m Outcome: Success    
[2m2023-07-27T01:43:09.515701Z[0m [32m INFO[0m [2mrocket::server::_[0m[2m:[0m Response succeeded.    
[2m2023-07-27T01:43:09.523065Z[0m [32m INFO[0m [2mrocket::server[0m[2m:[0m POST /new_block application/json:    
[2m2023-07-27T01:43:09.523076Z[0m [32m INFO[0m [2mrocket::server::_[0m[2m:[0m Matched: (handle_new_stacks_block) POST /new_block application/json    
[2m2023-07-27T01:43:09.523172Z[0m [32m INFO[0m [2mrocket::server::_[0m[2m:[0m Outcome: Success    
[2m2023-07-27T01:43:09.523185Z[0m [32m INFO[0m [2mrocket::server::_[0m[2m:[0m Response succeeded.    
[2m2023-07-27T01:43:10.846609Z[0m [32m INFO[0m [2mrocket::server[0m[2m:[0m POST / application/json:    
[2m2023-07-27T01:43:10.846628Z[0m [32m INFO[0m [2mrocket::server::_[0m[2m:[0m Matched: (handle_bitcoin_rpc_call) POST / application/json    
[2m2023-07-27T01:43:10.847307Z[0m [32m INFO[0m [2mrocket::server::_[0m[2m:[0m Outcome: Success    
[2m2023-07-27T01:43:10.847335Z[0m [32m INFO[0m [2mrocket::server::_[0m[2m:[0m Response succeeded.    
[2m2023-07-27T01:43:10.847582Z[0m [32m INFO[0m [2mrocket::server[0m[2m:[0m POST /wallet/ application/json:    
[2m2023-07-27T01:43:10.847590Z[0m [32m INFO[0m [2mrocket::server::_[0m[2m:[0m Matched: (handle_bitcoin_wallet_rpc_call) POST /wallet application/json    
[2m2023-07-27T01:43:10.848275Z[0m [32m INFO[0m [2mrocket::server::_[0m[2m:[0m Outcome: Success    
[2m2023-07-27T01:43:10.848292Z[0m [32m INFO[0m [2mrocket::server::_[0m[2m:[0m Response succeeded.    
[2m2023-07-27T01:43:10.848710Z[0m [32m INFO[0m [2mrocket::server[0m[2m:[0m POST / application/json:    
[2m2023-07-27T01:43:10.848717Z[0m [32m INFO[0m [2mrocket::server::_[0m[2m:[0m Matched: (handle_bitcoin_rpc_call) POST / application/json    
[2m2023-07-27T01:43:10.873409Z[0m [32m INFO[0m [2mrocket::server::_[0m[2m:[0m Outcome: Success    
[2m2023-07-27T01:43:10.873422Z[0m [32m INFO[0m [2mrocket::server::_[0m[2m:[0m Response succeeded.    
[2m2023-07-27T01:43:12.645371Z[0m [32m INFO[0m [2mrocket::server[0m[2m:[0m POST /new_burn_block application/json:    
[2m2023-07-27T01:43:12.645390Z[0m [32m INFO[0m [2mrocket::server::_[0m[2m:[0m Matched: (handle_new_bitcoin_block) POST /new_burn_block application/json    
[2m2023-07-27T01:43:12.646710Z[0m [32m INFO[0m [2mrocket::server::_[0m[2m:[0m Outcome: Success    
[2m2023-07-27T01:43:12.646738Z[0m [32m INFO[0m [2mrocket::server::_[0m[2m:[0m Response succeeded.    
[2m2023-07-27T01:43:13.853878Z[0m [32m INFO[0m [2mrocket::server[0m[2m:[0m POST /new_block application/json:    
[2m2023-07-27T01:43:13.853900Z[0m [32m INFO[0m [2mrocket::server::_[0m[2m:[0m Matched: (handle_new_stacks_block) POST /new_block application/json    
[2m2023-07-27T01:43:13.857811Z[0m [32m INFO[0m [2mrocket::server::_[0m[2m:[0m Outcome: Success    
[2m2023-07-27T01:43:13.857841Z[0m [32m INFO[0m [2mrocket::server::_[0m[2m:[0m Response succeeded.    
[2m2023-07-27T01:43:14.717303Z[0m [32m INFO[0m [2mrocket::server[0m[2m:[0m POST / application/json:    
[2m2023-07-27T01:43:14.717323Z[0m [32m INFO[0m [2mrocket::server::_[0m[2m:[0m Matched: (handle_bitcoin_rpc_call) POST / application/json    
[2m2023-07-27T01:43:14.717961Z[0m [32m INFO[0m [2mrocket::server::_[0m[2m:[0m Outcome: Success    
[2m2023-07-27T01:43:14.717989Z[0m [32m INFO[0m [2mrocket::server::_[0m[2m:[0m Response succeeded.    
[2m2023-07-27T01:43:14.718193Z[0m [32m INFO[0m [2mrocket::server[0m[2m:[0m POST /wallet/ application/json:    
[2m2023-07-27T01:43:14.718201Z[0m [32m INFO[0m [2mrocket::server::_[0m[2m:[0m Matched: (handle_bitcoin_wallet_rpc_call) POST /wallet application/json    
[2m2023-07-27T01:43:14.718918Z[0m [32m INFO[0m [2mrocket::server::_[0m[2m:[0m Outcome: Success    
[2m2023-07-27T01:43:14.718936Z[0m [32m INFO[0m [2mrocket::server::_[0m[2m:[0m Response succeeded.    
[2m2023-07-27T01:43:14.719334Z[0m [32m INFO[0m [2mrocket::server[0m[2m:[0m POST / application/json:    
[2m2023-07-27T01:43:14.719341Z[0m [32m INFO[0m [2mrocket::server::_[0m[2m:[0m Matched: (handle_bitcoin_rpc_call) POST / application/json    
[2m2023-07-27T01:43:14.727083Z[0m [32m INFO[0m [2mrocket::server::_[0m[2m:[0m Outcome: Success    
[2m2023-07-27T01:43:14.727097Z[0m [32m INFO[0m [2mrocket::server::_[0m[2m:[0m Response succeeded.    
[2m2023-07-27T01:43:16.814179Z[0m [32m INFO[0m [2mrocket::server[0m[2m:[0m POST /new_burn_block application/json:    
[2m2023-07-27T01:43:16.814198Z[0m [32m INFO[0m [2mrocket::server::_[0m[2m:[0m Matched: (handle_new_bitcoin_block) POST /new_burn_block application/json    
[2m2023-07-27T01:43:16.815494Z[0m [32m INFO[0m [2mrocket::server::_[0m[2m:[0m Outcome: Success    
[2m2023-07-27T01:43:16.815522Z[0m [32m INFO[0m [2mrocket::server::_[0m[2m:[0m Response succeeded.    
[2m2023-07-27T01:43:17.853227Z[0m [32m INFO[0m [2mrocket::server[0m[2m:[0m POST /new_block application/json:    
[2m2023-07-27T01:43:17.853247Z[0m [32m INFO[0m [2mrocket::server::_[0m[2m:[0m Matched: (handle_new_stacks_block) POST /new_block application/json    
[2m2023-07-27T01:43:17.853386Z[0m [32m INFO[0m [2mrocket::server::_[0m[2m:[0m Outcome: Success    
[2m2023-07-27T01:43:17.853409Z[0m [32m INFO[0m [2mrocket::server::_[0m[2m:[0m Response succeeded.    
[2m2023-07-27T01:43:18.882420Z[0m [32m INFO[0m [2mrocket::server[0m[2m:[0m POST / application/json:    
[2m2023-07-27T01:43:18.882438Z[0m [32m INFO[0m [2mrocket::server::_[0m[2m:[0m Matched: (handle_bitcoin_rpc_call) POST / application/json    
[2m2023-07-27T01:43:18.883152Z[0m [32m INFO[0m [2mrocket::server::_[0m[2m:[0m Outcome: Success    
[2m2023-07-27T01:43:18.883187Z[0m [32m INFO[0m [2mrocket::server::_[0m[2m:[0m Response succeeded.    
[2m2023-07-27T01:43:18.883457Z[0m [32m INFO[0m [2mrocket::server[0m[2m:[0m POST /wallet/ application/json:    
[2m2023-07-27T01:43:18.883467Z[0m [32m INFO[0m [2mrocket::server::_[0m[2m:[0m Matched: (handle_bitcoin_wallet_rpc_call) POST /wallet application/json    
[2m2023-07-27T01:43:18.884141Z[0m [32m INFO[0m [2mrocket::server::_[0m[2m:[0m Outcome: Success    
[2m2023-07-27T01:43:18.884166Z[0m [32m INFO[0m [2mrocket::server::_[0m[2m:[0m Response succeeded.    
[2m2023-07-27T01:43:18.884595Z[0m [32m INFO[0m [2mrocket::server[0m[2m:[0m POST / application/json:    
[2m2023-07-27T01:43:18.884606Z[0m [32m INFO[0m [2mrocket::server::_[0m[2m:[0m Matched: (handle_bitcoin_rpc_call) POST / application/json    
[2m2023-07-27T01:43:18.893104Z[0m [32m INFO[0m [2mrocket::server::_[0m[2m:[0m Outcome: Success    
[2m2023-07-27T01:43:18.893121Z[0m [32m INFO[0m [2mrocket::server::_[0m[2m:[0m Response succeeded.    
[2m2023-07-27T01:44:18.262127Z[0m [32m INFO[0m [2mrocket::server[0m[2m:[0m POST /new_burn_block application/json:    
[2m2023-07-27T01:44:18.262147Z[0m [32m INFO[0m [2mrocket::server::_[0m[2m:[0m Matched: (handle_new_bitcoin_block) POST /new_burn_block application/json    
[2m2023-07-27T01:44:18.263496Z[0m [32m INFO[0m [2mrocket::server::_[0m[2m:[0m Outcome: Success    
[2m2023-07-27T01:44:18.263529Z[0m [32m INFO[0m [2mrocket::server::_[0m[2m:[0m Response succeeded.    
[2m2023-07-27T01:44:19.296943Z[0m [32m INFO[0m [2mrocket::server[0m[2m:[0m POST /new_block application/json:    
[2m2023-07-27T01:44:19.296963Z[0m [32m INFO[0m [2mrocket::server::_[0m[2m:[0m Matched: (handle_new_stacks_block) POST /new_block application/json    
[2m2023-07-27T01:44:19.297093Z[0m [32m INFO[0m [2mrocket::server::_[0m[2m:[0m Outcome: Success    
[2m2023-07-27T01:44:19.297118Z[0m [32m INFO[0m [2mrocket::server::_[0m[2m:[0m Response succeeded.    
[2m2023-07-27T01:44:20.321937Z[0m [32m INFO[0m [2mrocket::server[0m[2m:[0m POST / application/json:    
[2m2023-07-27T01:44:20.321955Z[0m [32m INFO[0m [2mrocket::server::_[0m[2m:[0m Matched: (handle_bitcoin_rpc_call) POST / application/json    
[2m2023-07-27T01:44:20.322578Z[0m [32m INFO[0m [2mrocket::server::_[0m[2m:[0m Outcome: Success    
[2m2023-07-27T01:44:20.322613Z[0m [32m INFO[0m [2mrocket::server::_[0m[2m:[0m Response succeeded.    
[2m2023-07-27T01:44:20.322856Z[0m [32m INFO[0m [2mrocket::server[0m[2m:[0m POST /wallet/ application/json:    
[2m2023-07-27T01:44:20.322868Z[0m [32m INFO[0m [2mrocket::server::_[0m[2m:[0m Matched: (handle_bitcoin_wallet_rpc_call) POST /wallet application/json    
[2m2023-07-27T01:44:20.323654Z[0m [32m INFO[0m [2mrocket::server::_[0m[2m:[0m Outcome: Success    
[2m2023-07-27T01:44:20.323679Z[0m [32m INFO[0m [2mrocket::server::_[0m[2m:[0m Response succeeded.    
[2m2023-07-27T01:44:20.324088Z[0m [32m INFO[0m [2mrocket::server[0m[2m:[0m POST / application/json:    
[2m2023-07-27T01:44:20.324094Z[0m [32m INFO[0m [2mrocket::server::_[0m[2m:[0m Matched: (handle_bitcoin_rpc_call) POST / application/json    
[2m2023-07-27T01:44:20.333641Z[0m [32m INFO[0m [2mrocket::server::_[0m[2m:[0m Outcome: Success    
[2m2023-07-27T01:44:20.333657Z[0m [32m INFO[0m [2mrocket::server::_[0m[2m:[0m Response succeeded.    
[2m2023-07-27T01:45:17.860119Z[0m [32m INFO[0m [2mrocket::server[0m[2m:[0m POST /new_burn_block application/json:    
[2m2023-07-27T01:45:17.860140Z[0m [32m INFO[0m [2mrocket::server::_[0m[2m:[0m Matched: (handle_new_bitcoin_block) POST /new_burn_block application/json    
[2m2023-07-27T01:45:17.861437Z[0m [32m INFO[0m [2mrocket::server::_[0m[2m:[0m Outcome: Success    
[2m2023-07-27T01:45:17.861460Z[0m [32m INFO[0m [2mrocket::server::_[0m[2m:[0m Response succeeded.    
[2m2023-07-27T01:45:18.893496Z[0m [32m INFO[0m [2mrocket::server[0m[2m:[0m POST /new_block application/json:    
[2m2023-07-27T01:45:18.893516Z[0m [32m INFO[0m [2mrocket::server::_[0m[2m:[0m Matched: (handle_new_stacks_block) POST /new_block application/json    
[2m2023-07-27T01:45:18.893651Z[0m [32m INFO[0m [2mrocket::server::_[0m[2m:[0m Outcome: Success    
[2m2023-07-27T01:45:18.893673Z[0m [32m INFO[0m [2mrocket::server::_[0m[2m:[0m Response succeeded.    
[2m2023-07-27T01:45:19.919083Z[0m [32m INFO[0m [2mrocket::server[0m[2m:[0m POST / application/json:    
[2m2023-07-27T01:45:19.919103Z[0m [32m INFO[0m [2mrocket::server::_[0m[2m:[0m Matched: (handle_bitcoin_rpc_call) POST / application/json    
[2m2023-07-27T01:45:19.919722Z[0m [32m INFO[0m [2mrocket::server::_[0m[2m:[0m Outcome: Success    
[2m2023-07-27T01:45:19.919752Z[0m [32m INFO[0m [2mrocket::server::_[0m[2m:[0m Response succeeded.    
[2m2023-07-27T01:45:19.919997Z[0m [32m INFO[0m [2mrocket::server[0m[2m:[0m POST /wallet/ application/json:    
[2m2023-07-27T01:45:19.920015Z[0m [32m INFO[0m [2mrocket::server::_[0m[2m:[0m Matched: (handle_bitcoin_wallet_rpc_call) POST /wallet application/json    
[2m2023-07-27T01:45:19.920681Z[0m [32m INFO[0m [2mrocket::server::_[0m[2m:[0m Outcome: Success    
[2m2023-07-27T01:45:19.920700Z[0m [32m INFO[0m [2mrocket::server::_[0m[2m:[0m Response succeeded.    
[2m2023-07-27T01:45:19.921107Z[0m [32m INFO[0m [2mrocket::server[0m[2m:[0m POST / application/json:    
[2m2023-07-27T01:45:19.921114Z[0m [32m INFO[0m [2mrocket::server::_[0m[2m:[0m Matched: (handle_bitcoin_rpc_call) POST / application/json    
[2m2023-07-27T01:45:19.929275Z[0m [32m INFO[0m [2mrocket::server::_[0m[2m:[0m Outcome: Success    
[2m2023-07-27T01:45:19.929294Z[0m [32m INFO[0m [2mrocket::server::_[0m[2m:[0m Response succeeded.    
[2m2023-07-27T01:46:17.421531Z[0m [32m INFO[0m [2mrocket::server[0m[2m:[0m POST /new_burn_block application/json:    
[2m2023-07-27T01:46:17.421551Z[0m [32m INFO[0m [2mrocket::server::_[0m[2m:[0m Matched: (handle_new_bitcoin_block) POST /new_burn_block application/json    
[2m2023-07-27T01:46:17.422777Z[0m [32m INFO[0m [2mrocket::server::_[0m[2m:[0m Outcome: Success    
[2m2023-07-27T01:46:17.422803Z[0m [32m INFO[0m [2mrocket::server::_[0m[2m:[0m Response succeeded.    
[2m2023-07-27T01:46:18.459715Z[0m [32m INFO[0m [2mrocket::server[0m[2m:[0m POST /new_block application/json:    
[2m2023-07-27T01:46:18.459741Z[0m [32m INFO[0m [2mrocket::server::_[0m[2m:[0m Matched: (handle_new_stacks_block) POST /new_block application/json    
[2m2023-07-27T01:46:18.459905Z[0m [32m INFO[0m [2mrocket::server::_[0m[2m:[0m Outcome: Success    
[2m2023-07-27T01:46:18.459936Z[0m [32m INFO[0m [2mrocket::server::_[0m[2m:[0m Response succeeded.    
[2m2023-07-27T01:46:18.585305Z[0m [32m INFO[0m [2mrocket::server[0m[2m:[0m POST / application/json:    
[2m2023-07-27T01:46:18.585324Z[0m [32m INFO[0m [2mrocket::server::_[0m[2m:[0m Matched: (handle_bitcoin_rpc_call) POST / application/json    
[2m2023-07-27T01:46:18.586048Z[0m [32m INFO[0m [2mrocket::server::_[0m[2m:[0m Outcome: Success    
[2m2023-07-27T01:46:18.586083Z[0m [32m INFO[0m [2mrocket::server::_[0m[2m:[0m Response succeeded.    
[2m2023-07-27T01:46:18.586297Z[0m [32m INFO[0m [2mrocket::server[0m[2m:[0m POST /wallet/ application/json:    
[2m2023-07-27T01:46:18.586305Z[0m [32m INFO[0m [2mrocket::server::_[0m[2m:[0m Matched: (handle_bitcoin_wallet_rpc_call) POST /wallet application/json    
[2m2023-07-27T01:46:18.587000Z[0m [32m INFO[0m [2mrocket::server::_[0m[2m:[0m Outcome: Success    
[2m2023-07-27T01:46:18.587019Z[0m [32m INFO[0m [2mrocket::server::_[0m[2m:[0m Response succeeded.    
[2m2023-07-27T01:46:18.587425Z[0m [32m INFO[0m [2mrocket::server[0m[2m:[0m POST / application/json:    
[2m2023-07-27T01:46:18.587431Z[0m [32m INFO[0m [2mrocket::server::_[0m[2m:[0m Matched: (handle_bitcoin_rpc_call) POST / application/json    
[2m2023-07-27T01:46:18.601803Z[0m [32m INFO[0m [2mrocket::server::_[0m[2m:[0m Outcome: Success    
[2m2023-07-27T01:46:18.601838Z[0m [32m INFO[0m [2mrocket::server::_[0m[2m:[0m Response succeeded.    
[2m2023-07-27T01:47:17.437219Z[0m [32m INFO[0m [2mrocket::server[0m[2m:[0m POST /new_burn_block application/json:    
[2m2023-07-27T01:47:17.437240Z[0m [32m INFO[0m [2mrocket::server::_[0m[2m:[0m Matched: (handle_new_bitcoin_block) POST /new_burn_block application/json    
[2m2023-07-27T01:47:17.438598Z[0m [32m INFO[0m [2mrocket::server::_[0m[2m:[0m Outcome: Success    
[2m2023-07-27T01:47:17.438624Z[0m [32m INFO[0m [2mrocket::server::_[0m[2m:[0m Response succeeded.    
[2m2023-07-27T01:47:17.490683Z[0m [32m INFO[0m [2mrocket::server[0m[2m:[0m POST /new_block application/json:    
[2m2023-07-27T01:47:17.490698Z[0m [32m INFO[0m [2mrocket::server::_[0m[2m:[0m Matched: (handle_new_stacks_block) POST /new_block application/json    
[2m2023-07-27T01:47:17.490820Z[0m [32m INFO[0m [2mrocket::server::_[0m[2m:[0m Outcome: Success    
[2m2023-07-27T01:47:17.490843Z[0m [32m INFO[0m [2mrocket::server::_[0m[2m:[0m Response succeeded.    
[2m2023-07-27T01:47:17.920622Z[0m [32m INFO[0m [2mrocket::server[0m[2m:[0m POST / application/json:    
[2m2023-07-27T01:47:17.920642Z[0m [32m INFO[0m [2mrocket::server::_[0m[2m:[0m Matched: (handle_bitcoin_rpc_call) POST / application/json    
[2m2023-07-27T01:47:17.921317Z[0m [32m INFO[0m [2mrocket::server::_[0m[2m:[0m Outcome: Success    
[2m2023-07-27T01:47:17.921345Z[0m [32m INFO[0m [2mrocket::server::_[0m[2m:[0m Response succeeded.    
[2m2023-07-27T01:47:17.921550Z[0m [32m INFO[0m [2mrocket::server[0m[2m:[0m POST /wallet/ application/json:    
[2m2023-07-27T01:47:17.921558Z[0m [32m INFO[0m [2mrocket::server::_[0m[2m:[0m Matched: (handle_bitcoin_wallet_rpc_call) POST /wallet application/json    
[2m2023-07-27T01:47:17.922282Z[0m [32m INFO[0m [2mrocket::server::_[0m[2m:[0m Outcome: Success    
[2m2023-07-27T01:47:17.922301Z[0m [32m INFO[0m [2mrocket::server::_[0m[2m:[0m Response succeeded.    
[2m2023-07-27T01:47:17.922869Z[0m [32m INFO[0m [2mrocket::server[0m[2m:[0m POST / application/json:    
[2m2023-07-27T01:47:17.922875Z[0m [32m INFO[0m [2mrocket::server::_[0m[2m:[0m Matched: (handle_bitcoin_rpc_call) POST / application/json    
[2m2023-07-27T01:47:17.947191Z[0m [32m INFO[0m [2mrocket::server::_[0m[2m:[0m Outcome: Success    
[2m2023-07-27T01:47:17.947206Z[0m [32m INFO[0m [2mrocket::server::_[0m[2m:[0m Response succeeded.    
[2m2023-07-27T01:48:17.441381Z[0m [32m INFO[0m [2mrocket::server[0m[2m:[0m POST /new_burn_block application/json:    
[2m2023-07-27T01:48:17.441400Z[0m [32m INFO[0m [2mrocket::server::_[0m[2m:[0m Matched: (handle_new_bitcoin_block) POST /new_burn_block application/json    
[2m2023-07-27T01:48:17.442680Z[0m [32m INFO[0m [2mrocket::server::_[0m[2m:[0m Outcome: Success    
[2m2023-07-27T01:48:17.442706Z[0m [32m INFO[0m [2mrocket::server::_[0m[2m:[0m Response succeeded.    
[2m2023-07-27T01:48:17.488625Z[0m [32m INFO[0m [2mrocket::server[0m[2m:[0m POST /new_block application/json:    
[2m2023-07-27T01:48:17.488646Z[0m [32m INFO[0m [2mrocket::server::_[0m[2m:[0m Matched: (handle_new_stacks_block) POST /new_block application/json    
[2m2023-07-27T01:48:17.488777Z[0m [32m INFO[0m [2mrocket::server::_[0m[2m:[0m Outcome: Success    
[2m2023-07-27T01:48:17.488805Z[0m [32m INFO[0m [2mrocket::server::_[0m[2m:[0m Response succeeded.    
[2m2023-07-27T01:48:18.047711Z[0m [32m INFO[0m [2mrocket::server[0m[2m:[0m POST / application/json:    
[2m2023-07-27T01:48:18.047730Z[0m [32m INFO[0m [2mrocket::server::_[0m[2m:[0m Matched: (handle_bitcoin_rpc_call) POST / application/json    
[2m2023-07-27T01:48:18.048470Z[0m [32m INFO[0m [2mrocket::server::_[0m[2m:[0m Outcome: Success    
[2m2023-07-27T01:48:18.048495Z[0m [32m INFO[0m [2mrocket::server::_[0m[2m:[0m Response succeeded.    
[2m2023-07-27T01:48:18.048724Z[0m [32m INFO[0m [2mrocket::server[0m[2m:[0m POST /wallet/ application/json:    
[2m2023-07-27T01:48:18.048733Z[0m [32m INFO[0m [2mrocket::server::_[0m[2m:[0m Matched: (handle_bitcoin_wallet_rpc_call) POST /wallet application/json    
[2m2023-07-27T01:48:18.049513Z[0m [32m INFO[0m [2mrocket::server::_[0m[2m:[0m Outcome: Success    
[2m2023-07-27T01:48:18.049527Z[0m [32m INFO[0m [2mrocket::server::_[0m[2m:[0m Response succeeded.    
[2m2023-07-27T01:48:18.049919Z[0m [32m INFO[0m [2mrocket::server[0m[2m:[0m POST / application/json:    
[2m2023-07-27T01:48:18.049926Z[0m [32m INFO[0m [2mrocket::server::_[0m[2m:[0m Matched: (handle_bitcoin_rpc_call) POST / application/json    
[2m2023-07-27T01:48:18.070542Z[0m [32m INFO[0m [2mrocket::server::_[0m[2m:[0m Outcome: Success    
[2m2023-07-27T01:48:18.070561Z[0m [32m INFO[0m [2mrocket::server::_[0m[2m:[0m Response succeeded.    
[2m2023-07-27T01:49:17.454694Z[0m [32m INFO[0m [2mrocket::server[0m[2m:[0m POST /new_burn_block application/json:    
[2m2023-07-27T01:49:17.454715Z[0m [32m INFO[0m [2mrocket::server::_[0m[2m:[0m Matched: (handle_new_bitcoin_block) POST /new_burn_block application/json    
[2m2023-07-27T01:49:17.456112Z[0m [32m INFO[0m [2mrocket::server::_[0m[2m:[0m Outcome: Success    
[2m2023-07-27T01:49:17.456141Z[0m [32m INFO[0m [2mrocket::server::_[0m[2m:[0m Response succeeded.    
[2m2023-07-27T01:49:17.519073Z[0m [32m INFO[0m [2mrocket::server[0m[2m:[0m POST /new_block application/json:    
[2m2023-07-27T01:49:17.519094Z[0m [32m INFO[0m [2mrocket::server::_[0m[2m:[0m Matched: (handle_new_stacks_block) POST /new_block application/json    
[2m2023-07-27T01:49:17.519235Z[0m [32m INFO[0m [2mrocket::server::_[0m[2m:[0m Outcome: Success    
[2m2023-07-27T01:49:17.519256Z[0m [32m INFO[0m [2mrocket::server::_[0m[2m:[0m Response succeeded.    
[2m2023-07-27T01:49:18.246821Z[0m [32m INFO[0m [2mrocket::server[0m[2m:[0m POST / application/json:    
[2m2023-07-27T01:49:18.246840Z[0m [32m INFO[0m [2mrocket::server::_[0m[2m:[0m Matched: (handle_bitcoin_rpc_call) POST / application/json    
[2m2023-07-27T01:49:18.247472Z[0m [32m INFO[0m [2mrocket::server::_[0m[2m:[0m Outcome: Success    
[2m2023-07-27T01:49:18.247503Z[0m [32m INFO[0m [2mrocket::server::_[0m[2m:[0m Response succeeded.    
[2m2023-07-27T01:49:18.247722Z[0m [32m INFO[0m [2mrocket::server[0m[2m:[0m POST /wallet/ application/json:    
[2m2023-07-27T01:49:18.247729Z[0m [32m INFO[0m [2mrocket::server::_[0m[2m:[0m Matched: (handle_bitcoin_wallet_rpc_call) POST /wallet application/json    
[2m2023-07-27T01:49:18.248437Z[0m [32m INFO[0m [2mrocket::server::_[0m[2m:[0m Outcome: Success    
[2m2023-07-27T01:49:18.248454Z[0m [32m INFO[0m [2mrocket::server::_[0m[2m:[0m Response succeeded.    
[2m2023-07-27T01:49:18.249035Z[0m [32m INFO[0m [2mrocket::server[0m[2m:[0m POST / application/json:    
[2m2023-07-27T01:49:18.249041Z[0m [32m INFO[0m [2mrocket::server::_[0m[2m:[0m Matched: (handle_bitcoin_rpc_call) POST / application/json    
[2m2023-07-27T01:49:18.275166Z[0m [32m INFO[0m [2mrocket::server::_[0m[2m:[0m Outcome: Success    
[2m2023-07-27T01:49:18.275187Z[0m [32m INFO[0m [2mrocket::server::_[0m[2m:[0m Response succeeded.    
[2m2023-07-27T01:50:17.445665Z[0m [32m INFO[0m [2mrocket::server[0m[2m:[0m POST /new_burn_block application/json:    
[2m2023-07-27T01:50:17.445685Z[0m [32m INFO[0m [2mrocket::server::_[0m[2m:[0m Matched: (handle_new_bitcoin_block) POST /new_burn_block application/json    
[2m2023-07-27T01:50:17.447029Z[0m [32m INFO[0m [2mrocket::server::_[0m[2m:[0m Outcome: Success    
[2m2023-07-27T01:50:17.447057Z[0m [32m INFO[0m [2mrocket::server::_[0m[2m:[0m Response succeeded.    
[2m2023-07-27T01:50:17.491728Z[0m [32m INFO[0m [2mrocket::server[0m[2m:[0m POST /new_block application/json:    
[2m2023-07-27T01:50:17.491749Z[0m [32m INFO[0m [2mrocket::server::_[0m[2m:[0m Matched: (handle_new_stacks_block) POST /new_block application/json    
[2m2023-07-27T01:50:17.491876Z[0m [32m INFO[0m [2mrocket::server::_[0m[2m:[0m Outcome: Success    
[2m2023-07-27T01:50:17.491899Z[0m [32m INFO[0m [2mrocket::server::_[0m[2m:[0m Response succeeded.    
[2m2023-07-27T01:50:18.401599Z[0m [32m INFO[0m [2mrocket::server[0m[2m:[0m POST / application/json:    
[2m2023-07-27T01:50:18.401618Z[0m [32m INFO[0m [2mrocket::server::_[0m[2m:[0m Matched: (handle_bitcoin_rpc_call) POST / application/json    
[2m2023-07-27T01:50:18.402328Z[0m [32m INFO[0m [2mrocket::server::_[0m[2m:[0m Outcome: Success    
[2m2023-07-27T01:50:18.402361Z[0m [32m INFO[0m [2mrocket::server::_[0m[2m:[0m Response succeeded.    
[2m2023-07-27T01:50:18.402559Z[0m [32m INFO[0m [2mrocket::server[0m[2m:[0m POST /wallet/ application/json:    
[2m2023-07-27T01:50:18.402567Z[0m [32m INFO[0m [2mrocket::server::_[0m[2m:[0m Matched: (handle_bitcoin_wallet_rpc_call) POST /wallet application/json    
[2m2023-07-27T01:50:18.403244Z[0m [32m INFO[0m [2mrocket::server::_[0m[2m:[0m Outcome: Success    
[2m2023-07-27T01:50:18.403261Z[0m [32m INFO[0m [2mrocket::server::_[0m[2m:[0m Response succeeded.    
[2m2023-07-27T01:50:18.403657Z[0m [32m INFO[0m [2mrocket::server[0m[2m:[0m POST / application/json:    
[2m2023-07-27T01:50:18.403664Z[0m [32m INFO[0m [2mrocket::server::_[0m[2m:[0m Matched: (handle_bitcoin_rpc_call) POST / application/json    
[2m2023-07-27T01:50:18.420034Z[0m [32m INFO[0m [2mrocket::server::_[0m[2m:[0m Outcome: Success    
[2m2023-07-27T01:50:18.420070Z[0m [32m INFO[0m [2mrocket::server::_[0m[2m:[0m Response succeeded.    
[2m2023-07-27T01:51:17.445279Z[0m [32m INFO[0m [2mrocket::server[0m[2m:[0m POST /new_burn_block application/json:    
[2m2023-07-27T01:51:17.445300Z[0m [32m INFO[0m [2mrocket::server::_[0m[2m:[0m Matched: (handle_new_bitcoin_block) POST /new_burn_block application/json    
[2m2023-07-27T01:51:17.446642Z[0m [32m INFO[0m [2mrocket::server::_[0m[2m:[0m Outcome: Success    
[2m2023-07-27T01:51:17.446679Z[0m [32m INFO[0m [2mrocket::server::_[0m[2m:[0m Response succeeded.    
[2m2023-07-27T01:51:17.499012Z[0m [32m INFO[0m [2mrocket::server[0m[2m:[0m POST /new_block application/json:    
[2m2023-07-27T01:51:17.499031Z[0m [32m INFO[0m [2mrocket::server::_[0m[2m:[0m Matched: (handle_new_stacks_block) POST /new_block application/json    
[2m2023-07-27T01:51:17.499170Z[0m [32m INFO[0m [2mrocket::server::_[0m[2m:[0m Outcome: Success    
[2m2023-07-27T01:51:17.499193Z[0m [32m INFO[0m [2mrocket::server::_[0m[2m:[0m Response succeeded.    
[2m2023-07-27T01:51:17.643859Z[0m [32m INFO[0m [2mrocket::server[0m[2m:[0m POST / application/json:    
[2m2023-07-27T01:51:17.643880Z[0m [32m INFO[0m [2mrocket::server::_[0m[2m:[0m Matched: (handle_bitcoin_rpc_call) POST / application/json    
[2m2023-07-27T01:51:17.644524Z[0m [32m INFO[0m [2mrocket::server::_[0m[2m:[0m Outcome: Success    
[2m2023-07-27T01:51:17.644559Z[0m [32m INFO[0m [2mrocket::server::_[0m[2m:[0m Response succeeded.    
[2m2023-07-27T01:51:17.644793Z[0m [32m INFO[0m [2mrocket::server[0m[2m:[0m POST /wallet/ application/json:    
[2m2023-07-27T01:51:17.644804Z[0m [32m INFO[0m [2mrocket::server::_[0m[2m:[0m Matched: (handle_bitcoin_wallet_rpc_call) POST /wallet application/json    
[2m2023-07-27T01:51:17.645575Z[0m [32m INFO[0m [2mrocket::server::_[0m[2m:[0m Outcome: Success    
[2m2023-07-27T01:51:17.645598Z[0m [32m INFO[0m [2mrocket::server::_[0m[2m:[0m Response succeeded.    
[2m2023-07-27T01:51:17.646004Z[0m [32m INFO[0m [2mrocket::server[0m[2m:[0m POST / application/json:    
[2m2023-07-27T01:51:17.646010Z[0m [32m INFO[0m [2mrocket::server::_[0m[2m:[0m Matched: (handle_bitcoin_rpc_call) POST / application/json    
[2m2023-07-27T01:51:17.666013Z[0m [32m INFO[0m [2mrocket::server::_[0m[2m:[0m Outcome: Success    
[2m2023-07-27T01:51:17.666040Z[0m [32m INFO[0m [2mrocket::server::_[0m[2m:[0m Response succeeded.    
[2m2023-07-27T01:52:17.434608Z[0m [32m INFO[0m [2mrocket::server[0m[2m:[0m POST /new_burn_block application/json:    
[2m2023-07-27T01:52:17.434629Z[0m [32m INFO[0m [2mrocket::server::_[0m[2m:[0m Matched: (handle_new_bitcoin_block) POST /new_burn_block application/json    
[2m2023-07-27T01:52:17.435921Z[0m [32m INFO[0m [2mrocket::server::_[0m[2m:[0m Outcome: Success    
[2m2023-07-27T01:52:17.435954Z[0m [32m INFO[0m [2mrocket::server::_[0m[2m:[0m Response succeeded.    
[2m2023-07-27T01:52:17.498063Z[0m [32m INFO[0m [2mrocket::server[0m[2m:[0m POST /new_block application/json:    
[2m2023-07-27T01:52:17.498084Z[0m [32m INFO[0m [2mrocket::server::_[0m[2m:[0m Matched: (handle_new_stacks_block) POST /new_block application/json    
[2m2023-07-27T01:52:17.498222Z[0m [32m INFO[0m [2mrocket::server::_[0m[2m:[0m Outcome: Success    
[2m2023-07-27T01:52:17.498246Z[0m [32m INFO[0m [2mrocket::server::_[0m[2m:[0m Response succeeded.    
[2m2023-07-27T01:52:17.733875Z[0m [32m INFO[0m [2mrocket::server[0m[2m:[0m POST / application/json:    
[2m2023-07-27T01:52:17.733894Z[0m [32m INFO[0m [2mrocket::server::_[0m[2m:[0m Matched: (handle_bitcoin_rpc_call) POST / application/json    
[2m2023-07-27T01:52:17.734560Z[0m [32m INFO[0m [2mrocket::server::_[0m[2m:[0m Outcome: Success    
[2m2023-07-27T01:52:17.734597Z[0m [32m INFO[0m [2mrocket::server::_[0m[2m:[0m Response succeeded.    
[2m2023-07-27T01:52:17.734914Z[0m [32m INFO[0m [2mrocket::server[0m[2m:[0m POST /wallet/ application/json:    
[2m2023-07-27T01:52:17.734924Z[0m [32m INFO[0m [2mrocket::server::_[0m[2m:[0m Matched: (handle_bitcoin_wallet_rpc_call) POST /wallet application/json    
[2m2023-07-27T01:52:17.735643Z[0m [32m INFO[0m [2mrocket::server::_[0m[2m:[0m Outcome: Success    
[2m2023-07-27T01:52:17.735657Z[0m [32m INFO[0m [2mrocket::server::_[0m[2m:[0m Response succeeded.    
[2m2023-07-27T01:52:17.736097Z[0m [32m INFO[0m [2mrocket::server[0m[2m:[0m POST / application/json:    
[2m2023-07-27T01:52:17.736105Z[0m [32m INFO[0m [2mrocket::server::_[0m[2m:[0m Matched: (handle_bitcoin_rpc_call) POST / application/json    
[2m2023-07-27T01:52:17.762298Z[0m [32m INFO[0m [2mrocket::server::_[0m[2m:[0m Outcome: Success    
[2m2023-07-27T01:52:17.762335Z[0m [32m INFO[0m [2mrocket::server::_[0m[2m:[0m Response succeeded.    
[2m2023-07-27T01:52:46.882647Z[0m [32m INFO[0m [2mrocket::server[0m[2m:[0m Shutdown requested. Waiting for pending I/O...    
[2m2023-07-27T01:52:46.882716Z[0m [32m INFO[0m [2mrocket::server[0m[2m:[0m Graceful shutdown completed successfully.    
