[2m2023-07-27T01:59:39.167894Z[0m [32m INFO[0m [2mrocket::launch[0m[2m:[0m Configured for release.    
[2m2023-07-27T01:59:39.167908Z[0m [32m INFO[0m [2mrocket::launch::_[0m[2m:[0m address: 0.0.0.0    
[2m2023-07-27T01:59:39.167910Z[0m [32m INFO[0m [2mrocket::launch::_[0m[2m:[0m port: 20445    
[2m2023-07-27T01:59:39.167912Z[0m [32m INFO[0m [2mrocket::launch::_[0m[2m:[0m workers: 3    
[2m2023-07-27T01:59:39.167914Z[0m [32m INFO[0m [2mrocket::launch::_[0m[2m:[0m max blocking threads: 512    
[2m2023-07-27T01:59:39.167915Z[0m [32m INFO[0m [2mrocket::launch::_[0m[2m:[0m ident: Rocket    
[2m2023-07-27T01:59:39.167917Z[0m [32m INFO[0m [2mrocket::launch::_[0m[2m:[0m IP header: X-Real-IP    
[2m2023-07-27T01:59:39.167918Z[0m [32m INFO[0m [2mrocket::launch::_[0m[2m:[0m limits: bytes = 8KiB, data-form = 2MiB, file = 1MiB, form = 32KiB, json = 4MB, msgpack = 1MiB, string = 8KiB    
[2m2023-07-27T01:59:39.167922Z[0m [32m INFO[0m [2mrocket::launch::_[0m[2m:[0m temp dir: /tmp    
[2m2023-07-27T01:59:39.167924Z[0m [32m INFO[0m [2mrocket::launch::_[0m[2m:[0m http/2: true    
[2m2023-07-27T01:59:39.167926Z[0m [32m INFO[0m [2mrocket::launch::_[0m[2m:[0m keep-alive: 5s    
[2m2023-07-27T01:59:39.167928Z[0m [32m INFO[0m [2mrocket::launch::_[0m[2m:[0m tls: disabled    
[2m2023-07-27T01:59:39.167929Z[0m [32m INFO[0m [2mrocket::launch::_[0m[2m:[0m shutdown: ctrlc = false, force = true, signals = [SIGTERM], grace = 0s, mercy = 0s    
[2m2023-07-27T01:59:39.167931Z[0m [32m INFO[0m [2mrocket::launch::_[0m[2m:[0m log level: debug    
[2m2023-07-27T01:59:39.167933Z[0m [32m INFO[0m [2mrocket::launch::_[0m[2m:[0m cli colors: false    
[2m2023-07-27T01:59:39.167949Z[0m [32m INFO[0m [2mrocket::launch[0m[2m:[0m Routes:    
[2m2023-07-27T01:59:39.167960Z[0m [32m INFO[0m [2mrocket::launch::_[0m[2m:[0m (handle_bitcoin_rpc_call) POST / application/json    
[2m2023-07-27T01:59:39.167964Z[0m [32m INFO[0m [2mrocket::launch::_[0m[2m:[0m (handle_ping) GET /ping application/json    
[2m2023-07-27T01:59:39.167966Z[0m [32m INFO[0m [2mrocket::launch::_[0m[2m:[0m (handle_bitcoin_wallet_rpc_call) POST /wallet application/json    
[2m2023-07-27T01:59:39.167968Z[0m [32m INFO[0m [2mrocket::launch::_[0m[2m:[0m (handle_new_stacks_block) POST /new_block application/json    
[2m2023-07-27T01:59:39.167970Z[0m [32m INFO[0m [2mrocket::launch::_[0m[2m:[0m (handle_mined_block) POST /mined_block application/json    
[2m2023-07-27T01:59:39.167972Z[0m [32m INFO[0m [2mrocket::launch::_[0m[2m:[0m (handle_new_bitcoin_block) POST /new_burn_block application/json    
[2m2023-07-27T01:59:39.167973Z[0m [32m INFO[0m [2mrocket::launch::_[0m[2m:[0m (handle_new_mempool_tx) POST /new_mempool_tx application/json    
[2m2023-07-27T01:59:39.167976Z[0m [32m INFO[0m [2mrocket::launch::_[0m[2m:[0m (handle_new_microblocks) POST /new_microblocks application/json    
[2m2023-07-27T01:59:39.167978Z[0m [32m INFO[0m [2mrocket::launch::_[0m[2m:[0m (handle_drop_mempool_tx) POST /drop_mempool_tx application/json    
[2m2023-07-27T01:59:39.167979Z[0m [32m INFO[0m [2mrocket::launch::_[0m[2m:[0m (handle_mined_microblock) POST /mined_microblock application/json    
[2m2023-07-27T01:59:39.167981Z[0m [32m INFO[0m [2mrocket::launch::_[0m[2m:[0m (handle_new_attachement) POST /attachments/new application/json    
[2m2023-07-27T01:59:39.167985Z[0m [32m INFO[0m [2mrocket::launch[0m[2m:[0m Fairings:    
[2m2023-07-27T01:59:39.167987Z[0m [32m INFO[0m [2mrocket::launch::_[0m[2m:[0m Shield (liftoff, response, singleton)    
[2m2023-07-27T01:59:39.169230Z[0m [32m INFO[0m [2mrocket::shield::shield[0m[2m:[0m Shield:    
[2m2023-07-27T01:59:39.169242Z[0m [32m INFO[0m [2mrocket::shield::shield::_[0m[2m:[0m X-Content-Type-Options: nosniff    
[2m2023-07-27T01:59:39.169244Z[0m [32m INFO[0m [2mrocket::shield::shield::_[0m[2m:[0m X-Frame-Options: SAMEORIGIN    
[2m2023-07-27T01:59:39.169246Z[0m [32m INFO[0m [2mrocket::shield::shield::_[0m[2m:[0m Permissions-Policy: interest-cohort=()    
[2m2023-07-27T01:59:39.169250Z[0m [33m WARN[0m [2mrocket::launch[0m[2m:[0m Rocket has launched from http://0.0.0.0:20445    
[2m2023-07-27T01:59:40.254411Z[0m [32m INFO[0m [2mrocket::server[0m[2m:[0m Shutdown requested. Waiting for pending I/O...    
[2m2023-07-27T01:59:40.254482Z[0m [32m INFO[0m [2mrocket::server[0m[2m:[0m Graceful shutdown completed successfully.    
