Jul 27 01:58:13.974 INFO Checking contracts
Jul 27 01:58:13.991 INFO Starting Devnet
Jul 27 01:58:13.998 INFO Initiating Devnet boot sequence (working_dir: /home/rozar/Documents/stacks/dungeon-master/.cache/stacks-devnet-1690423093)
Jul 27 01:58:14.000 INFO Creating network dungeon-master.devnet
Jul 27 01:58:14.001 INFO Starting bitcoin-node
Jul 27 01:58:14.694 INFO Created container bitcoin-node: de9983967a8bb711017be12024a0b594010c3438da127050016a4bb8dbc6dfe6
Jul 27 01:58:15.096 INFO Configuring bitcoin-node
Jul 27 01:58:16.097 INFO Waiting for bitcoin-node
Jul 27 01:58:16.172 INFO Registering addr(n3GRiDLKWuKLCw1DZmV75W1mE35qmW2tQm)#dm832d0a
Jul 27 01:58:16.242 INFO Registering addr(mjSrB3wS4xab3kYqFktwBzfTdPg367ZJ2d)#kdxvqwc5
Jul 27 01:58:17.449 INFO Registering addr(mqVnk6NPRdhntvfm4hh9vvjiRkFDUuSYsH)#ypxkdrsq
Jul 27 01:58:17.877 INFO Registering addr(mr1iPkD9N3RJZZxXRk7xF9d36gffa6exNC)#n3uhsuqz
Jul 27 01:58:18.306 INFO Registering addr(muYdXKmX9bByAueDe6KFfHd5Ff1gdN9ErG)#0ayck9fm
Jul 27 01:58:18.729 INFO Registering addr(mvZtbibDAAA3WLpY7zXXFqRa3T4XSknBX7)#hkf7ujwt
Jul 27 01:58:19.166 INFO Registering addr(mg1C76bNTutiCDV3t9nWhZs3Dc8LzUufj8)#gtqjph77
Jul 27 01:58:19.587 INFO Registering addr(mweN5WVqadScHdA81aATSdcVr4B6dNokqx)#qz3ysrq0
Jul 27 01:58:20.001 INFO Registering addr(mzxXgV6e4BZSsz8zVHm3TmqbECt7mbuErt)#pnqz0pm8
Jul 27 01:58:20.431 INFO Registering addr(n37mwmru2oaVosgfuvzBwgV2ysCQRrLko7)#lh2paj0q
Jul 27 01:58:20.867 INFO Registering addr(n2v875jbJ4RjBnTjgbfikDfnwsDV5iUByw)#8606llct
Jul 27 01:58:21.325 INFO Registering addr(mjSrB3wS4xab3kYqFktwBzfTdPg367ZJ2d)#kdxvqwc5
Jul 27 01:58:21.761 INFO Starting postgres
Jul 27 01:58:22.466 INFO Created container postgres: 594c996bd7d5366b3415a881c7070ed439ceac46ffc854464847a8e6e8f17ed1
Jul 27 01:58:22.865 INFO Starting stacks-api
Jul 27 01:58:24.694 INFO Created container stacks-api: efd2801cf4837bf0233d5a70e310b049a39bb53f9ac8954c4418739c04d98e55
Jul 27 01:58:25.230 INFO Starting stacks-node
Jul 27 01:58:25.941 INFO Created container stacks-node: 3d177a928b649909ac715da8dea5a0b796f41c2a9c4d7512acdb7518182633cb
Jul 27 01:58:26.606 INFO POST /
Jul 27 01:58:26.607 INFO POST /
Jul 27 01:58:26.608 INFO POST /wallet
Jul 27 01:58:26.822 INFO POST /new_block
Jul 27 01:58:26.825 INFO Start processing Stacks Block #0 (0x55c9...c2ee)
Jul 27 01:58:26.825 INFO Active fork 0: Fork [], height = 0
Jul 27 01:58:26.825 INFO Trying to append Block #0 (0x55c9...c2ee) to Fork [], height = 0
Jul 27 01:58:26.825 INFO Stacks Block #0 (0x55c9...c2ee) successfully appended to Fork [Block #0 (0x55c9...c2ee)], height = 1
Jul 27 01:58:26.825 INFO Active fork: 0 - Fork [Block #0 (0x55c9...c2ee)], height = 1 / 100
Jul 27 01:58:26.825 INFO Active fork selected as canonical: 0
Jul 27 01:58:26.825 INFO Handling PropagateStacksChainEvent command
Jul 27 01:58:26.825 INFO Evaluating 0 stacks chainhooks registered
Jul 27 01:58:26.825 INFO 0 stacks chainhooks positive evaluations
Jul 27 01:58:26.827 INFO Genesis Stacks block anchored in Bitcoin block #100 includes 7 transactions
Jul 27 01:58:27.166 INFO Created container stacks-explorer: fadae3aebb7c00b47f59fc5d444b5bb4a282280187a4592ed82c8c1906e9aa58
Jul 27 01:58:27.166 INFO Starting stacks-explorer
Jul 27 01:58:28.095 INFO POST /new_burn_block
Jul 27 01:58:28.096 INFO Start processing Block #101 (0x0c71...f7e6)
Jul 27 01:58:28.096 INFO Active fork 0: Fork [], height = 0
Jul 27 01:58:28.096 INFO Trying to append Block #101 (0x0c71...f7e6) to Fork [], height = 0
Jul 27 01:58:28.096 INFO Active fork: 0 - Fork [Block #101 (0x0c71...f7e6)], height = 1
Jul 27 01:58:28.096 INFO Active fork selected as canonical: 0
Jul 27 01:58:28.096 INFO Handling PropagateBitcoinChainEvent command
Jul 27 01:58:28.096 INFO Evaluating 0 bitcoin chainhooks registered
Jul 27 01:58:28.096 INFO 0 bitcoin chainhooks positive evaluations
Jul 27 01:58:28.096 INFO 0 bitcoin chainhooks will be triggered
Jul 27 01:58:28.096 INFO 0 bitcoin chainhooks to deregister
Jul 27 01:58:30.222 INFO POST /
Jul 27 01:58:30.223 INFO POST /wallet
Jul 27 01:58:30.224 INFO POST /
Jul 27 01:58:30.224 INFO Handling NotifyBitcoinTransactionProxied command
Jul 27 01:58:31.306 INFO POST /new_burn_block
Jul 27 01:58:31.307 INFO Start processing Block #102 (0x0e53...76e0)
Jul 27 01:58:31.307 INFO Active fork 0: Fork [Block #101 (0x0c71...f7e6)], height = 1
Jul 27 01:58:31.307 INFO Trying to append Block #102 (0x0e53...76e0) to Fork [Block #101 (0x0c71...f7e6)], height = 1
Jul 27 01:58:31.307 INFO Comparing Block #101 (0x0c71...f7e6) with Block #102 (0x0e53...76e0)
Jul 27 01:58:31.307 INFO Active fork: 0 - Fork [Block #102 (0x0e53...76e0), Block #101 (0x0c71...f7e6)], height = 2
Jul 27 01:58:31.307 INFO Active fork selected as canonical: 0
Jul 27 01:58:31.307 INFO Handling PropagateBitcoinChainEvent command
Jul 27 01:58:31.307 INFO Evaluating 0 bitcoin chainhooks registered
Jul 27 01:58:31.307 INFO 0 bitcoin chainhooks positive evaluations
Jul 27 01:58:31.307 INFO 0 bitcoin chainhooks will be triggered
Jul 27 01:58:31.307 INFO 0 bitcoin chainhooks to deregister
Jul 27 01:58:32.543 INFO POST /
Jul 27 01:58:32.544 INFO POST /wallet
Jul 27 01:58:32.545 INFO POST /
Jul 27 01:58:32.545 INFO Handling NotifyBitcoinTransactionProxied command
Jul 27 01:58:34.520 INFO POST /new_burn_block
Jul 27 01:58:34.522 INFO Start processing Block #103 (0x5086...c889)
Jul 27 01:58:34.522 INFO Active fork 0: Fork [Block #102 (0x0e53...76e0), Block #101 (0x0c71...f7e6)], height = 2
Jul 27 01:58:34.522 INFO Trying to append Block #103 (0x5086...c889) to Fork [Block #102 (0x0e53...76e0), Block #101 (0x0c71...f7e6)], height = 2
Jul 27 01:58:34.522 INFO Comparing Block #102 (0x0e53...76e0) with Block #103 (0x5086...c889)
Jul 27 01:58:34.522 INFO Active fork: 0 - Fork [Block #103 (0x5086...c889), Block #102 (0x0e53...76e0), Block #101 (0x0c71...f7e6)], height = 3
Jul 27 01:58:34.522 INFO Active fork selected as canonical: 0
Jul 27 01:58:34.522 INFO Handling PropagateBitcoinChainEvent command
Jul 27 01:58:34.522 INFO Evaluating 0 bitcoin chainhooks registered
Jul 27 01:58:34.522 INFO 0 bitcoin chainhooks positive evaluations
Jul 27 01:58:34.522 INFO 0 bitcoin chainhooks will be triggered
Jul 27 01:58:34.522 INFO 0 bitcoin chainhooks to deregister
Jul 27 01:58:35.624 INFO POST /new_block
Jul 27 01:58:35.626 INFO Start processing Stacks Block #1 (0x3a87...f62c)
Jul 27 01:58:35.626 INFO Active fork 0: Fork [Block #0 (0x55c9...c2ee)], height = 1
Jul 27 01:58:35.626 INFO Trying to append Block #1 (0x3a87...f62c) to Fork [Block #0 (0x55c9...c2ee)], height = 1
Jul 27 01:58:35.626 INFO Comparing Block #0 (0x55c9...c2ee) with Block #1 (0x3a87...f62c)
Jul 27 01:58:35.626 INFO Stacks Block #1 (0x3a87...f62c) successfully appended to Fork [Block #1 (0x3a87...f62c), Block #0 (0x55c9...c2ee)], height = 2
Jul 27 01:58:35.626 INFO Active fork: 0 - Fork [Block #1 (0x3a87...f62c), Block #0 (0x55c9...c2ee)], height = 2 / 103
Jul 27 01:58:35.626 INFO Active fork selected as canonical: 0
Jul 27 01:58:35.626 INFO Handling PropagateStacksChainEvent command
Jul 27 01:58:35.626 INFO Evaluating 0 stacks chainhooks registered
Jul 27 01:58:35.626 INFO 0 stacks chainhooks positive evaluations
Jul 27 01:58:36.581 INFO POST /
Jul 27 01:58:36.582 INFO POST /wallet
Jul 27 01:58:36.584 INFO POST /
Jul 27 01:58:36.584 INFO Handling NotifyBitcoinTransactionProxied command
Jul 27 01:58:56.750 WARN Ctrl+C received, initiating termination sequence.
