[2m2023-07-27T01:58:13.994277Z[0m [32m INFO[0m [2mrocket::launch[0m[2m:[0m Configured for release.    
[2m2023-07-27T01:58:13.994290Z[0m [32m INFO[0m [2mrocket::launch::_[0m[2m:[0m address: 0.0.0.0    
[2m2023-07-27T01:58:13.994296Z[0m [32m INFO[0m [2mrocket::launch::_[0m[2m:[0m port: 20445    
[2m2023-07-27T01:58:13.994297Z[0m [32m INFO[0m [2mrocket::launch::_[0m[2m:[0m workers: 3    
[2m2023-07-27T01:58:13.994299Z[0m [32m INFO[0m [2mrocket::launch::_[0m[2m:[0m max blocking threads: 512    
[2m2023-07-27T01:58:13.994300Z[0m [32m INFO[0m [2mrocket::launch::_[0m[2m:[0m ident: Rocket    
[2m2023-07-27T01:58:13.994302Z[0m [32m INFO[0m [2mrocket::launch::_[0m[2m:[0m IP header: X-Real-IP    
[2m2023-07-27T01:58:13.994303Z[0m [32m INFO[0m [2mrocket::launch::_[0m[2m:[0m limits: bytes = 8KiB, data-form = 2MiB, file = 1MiB, form = 32KiB, json = 4MB, msgpack = 1MiB, string = 8KiB    
[2m2023-07-27T01:58:13.994307Z[0m [32m INFO[0m [2mrocket::launch::_[0m[2m:[0m temp dir: /tmp    
[2m2023-07-27T01:58:13.994309Z[0m [32m INFO[0m [2mrocket::launch::_[0m[2m:[0m http/2: true    
[2m2023-07-27T01:58:13.994311Z[0m [32m INFO[0m [2mrocket::launch::_[0m[2m:[0m keep-alive: 5s    
[2m2023-07-27T01:58:13.994312Z[0m [32m INFO[0m [2mrocket::launch::_[0m[2m:[0m tls: disabled    
[2m2023-07-27T01:58:13.994314Z[0m [32m INFO[0m [2mrocket::launch::_[0m[2m:[0m shutdown: ctrlc = false, force = true, signals = [SIGTERM], grace = 0s, mercy = 0s    
[2m2023-07-27T01:58:13.994316Z[0m [32m INFO[0m [2mrocket::launch::_[0m[2m:[0m log level: debug    
[2m2023-07-27T01:58:13.994318Z[0m [32m INFO[0m [2mrocket::launch::_[0m[2m:[0m cli colors: false    
[2m2023-07-27T01:58:13.994334Z[0m [32m INFO[0m [2mrocket::launch[0m[2m:[0m Routes:    
[2m2023-07-27T01:58:13.994345Z[0m [32m INFO[0m [2mrocket::launch::_[0m[2m:[0m (handle_bitcoin_rpc_call) POST / application/json    
[2m2023-07-27T01:58:13.994349Z[0m [32m INFO[0m [2mrocket::launch::_[0m[2m:[0m (handle_ping) GET /ping application/json    
[2m2023-07-27T01:58:13.994351Z[0m [32m INFO[0m [2mrocket::launch::_[0m[2m:[0m (handle_bitcoin_wallet_rpc_call) POST /wallet application/json    
[2m2023-07-27T01:58:13.994352Z[0m [32m INFO[0m [2mrocket::launch::_[0m[2m:[0m (handle_new_stacks_block) POST /new_block application/json    
[2m2023-07-27T01:58:13.994355Z[0m [32m INFO[0m [2mrocket::launch::_[0m[2m:[0m (handle_mined_block) POST /mined_block application/json    
[2m2023-07-27T01:58:13.994356Z[0m [32m INFO[0m [2mrocket::launch::_[0m[2m:[0m (handle_new_bitcoin_block) POST /new_burn_block application/json    
[2m2023-07-27T01:58:13.994358Z[0m [32m INFO[0m [2mrocket::launch::_[0m[2m:[0m (handle_new_mempool_tx) POST /new_mempool_tx application/json    
[2m2023-07-27T01:58:13.994360Z[0m [32m INFO[0m [2mrocket::launch::_[0m[2m:[0m (handle_new_microblocks) POST /new_microblocks application/json    
[2m2023-07-27T01:58:13.994362Z[0m [32m INFO[0m [2mrocket::launch::_[0m[2m:[0m (handle_drop_mempool_tx) POST /drop_mempool_tx application/json    
[2m2023-07-27T01:58:13.994363Z[0m [32m INFO[0m [2mrocket::launch::_[0m[2m:[0m (handle_mined_microblock) POST /mined_microblock application/json    
[2m2023-07-27T01:58:13.994365Z[0m [32m INFO[0m [2mrocket::launch::_[0m[2m:[0m (handle_new_attachement) POST /attachments/new application/json    
[2m2023-07-27T01:58:13.994369Z[0m [32m INFO[0m [2mrocket::launch[0m[2m:[0m Fairings:    
[2m2023-07-27T01:58:13.994371Z[0m [32m INFO[0m [2mrocket::launch::_[0m[2m:[0m Shield (liftoff, response, singleton)    
[2m2023-07-27T01:58:13.995620Z[0m [32m INFO[0m [2mrocket::shield::shield[0m[2m:[0m Shield:    
[2m2023-07-27T01:58:13.995631Z[0m [32m INFO[0m [2mrocket::shield::shield::_[0m[2m:[0m Permissions-Policy: interest-cohort=()    
[2m2023-07-27T01:58:13.995633Z[0m [32m INFO[0m [2mrocket::shield::shield::_[0m[2m:[0m X-Content-Type-Options: nosniff    
[2m2023-07-27T01:58:13.995635Z[0m [32m INFO[0m [2mrocket::shield::shield::_[0m[2m:[0m X-Frame-Options: SAMEORIGIN    
[2m2023-07-27T01:58:13.995639Z[0m [33m WARN[0m [2mrocket::launch[0m[2m:[0m Rocket has launched from http://0.0.0.0:20445    
[2m2023-07-27T01:58:26.606101Z[0m [32m INFO[0m [2mrocket::server[0m[2m:[0m POST / application/json:    
[2m2023-07-27T01:58:26.606121Z[0m [32m INFO[0m [2mrocket::server::_[0m[2m:[0m Matched: (handle_bitcoin_rpc_call) POST / application/json    
[2m2023-07-27T01:58:26.606912Z[0m [32m INFO[0m [2mrocket::server::_[0m[2m:[0m Outcome: Success    
[2m2023-07-27T01:58:26.606949Z[0m [32m INFO[0m [2mrocket::server::_[0m[2m:[0m Response succeeded.    
[2m2023-07-27T01:58:26.607308Z[0m [32m INFO[0m [2mrocket::server[0m[2m:[0m POST / application/json:    
[2m2023-07-27T01:58:26.607317Z[0m [32m INFO[0m [2mrocket::server::_[0m[2m:[0m Matched: (handle_bitcoin_rpc_call) POST / application/json    
[2m2023-07-27T01:58:26.607800Z[0m [32m INFO[0m [2mrocket::server::_[0m[2m:[0m Outcome: Success    
[2m2023-07-27T01:58:26.607834Z[0m [32m INFO[0m [2mrocket::server::_[0m[2m:[0m Response succeeded.    
[2m2023-07-27T01:58:26.608023Z[0m [32m INFO[0m [2mrocket::server[0m[2m:[0m POST /wallet/ application/json:    
[2m2023-07-27T01:58:26.608032Z[0m [32m INFO[0m [2mrocket::server::_[0m[2m:[0m Matched: (handle_bitcoin_wallet_rpc_call) POST /wallet application/json    
[2m2023-07-27T01:58:26.608610Z[0m [32m INFO[0m [2mrocket::server::_[0m[2m:[0m Outcome: Success    
[2m2023-07-27T01:58:26.608624Z[0m [32m INFO[0m [2mrocket::server::_[0m[2m:[0m Response succeeded.    
[2m2023-07-27T01:58:26.820769Z[0m [32m INFO[0m [2mrocket::server[0m[2m:[0m POST /new_block application/json:    
[2m2023-07-27T01:58:26.820795Z[0m [32m INFO[0m [2mrocket::server::_[0m[2m:[0m Matched: (handle_new_stacks_block) POST /new_block application/json    
[2m2023-07-27T01:58:26.825210Z[0m [32m INFO[0m [2mrocket::server::_[0m[2m:[0m Outcome: Success    
[2m2023-07-27T01:58:26.825234Z[0m [32m INFO[0m [2mrocket::server::_[0m[2m:[0m Response succeeded.    
[2m2023-07-27T01:58:28.095385Z[0m [32m INFO[0m [2mrocket::server[0m[2m:[0m POST /new_burn_block application/json:    
[2m2023-07-27T01:58:28.095409Z[0m [32m INFO[0m [2mrocket::server::_[0m[2m:[0m Matched: (handle_new_bitcoin_block) POST /new_burn_block application/json    
[2m2023-07-27T01:58:28.096569Z[0m [32m INFO[0m [2mrocket::server::_[0m[2m:[0m Outcome: Success    
[2m2023-07-27T01:58:28.096608Z[0m [32m INFO[0m [2mrocket::server::_[0m[2m:[0m Response succeeded.    
[2m2023-07-27T01:58:30.222538Z[0m [32m INFO[0m [2mrocket::server[0m[2m:[0m POST / application/json:    
[2m2023-07-27T01:58:30.222558Z[0m [32m INFO[0m [2mrocket::server::_[0m[2m:[0m Matched: (handle_bitcoin_rpc_call) POST / application/json    
[2m2023-07-27T01:58:30.223246Z[0m [32m INFO[0m [2mrocket::server::_[0m[2m:[0m Outcome: Success    
[2m2023-07-27T01:58:30.223281Z[0m [32m INFO[0m [2mrocket::server::_[0m[2m:[0m Response succeeded.    
[2m2023-07-27T01:58:30.223535Z[0m [32m INFO[0m [2mrocket::server[0m[2m:[0m POST /wallet/ application/json:    
[2m2023-07-27T01:58:30.223547Z[0m [32m INFO[0m [2mrocket::server::_[0m[2m:[0m Matched: (handle_bitcoin_wallet_rpc_call) POST /wallet application/json    
[2m2023-07-27T01:58:30.224205Z[0m [32m INFO[0m [2mrocket::server::_[0m[2m:[0m Outcome: Success    
[2m2023-07-27T01:58:30.224228Z[0m [32m INFO[0m [2mrocket::server::_[0m[2m:[0m Response succeeded.    
[2m2023-07-27T01:58:30.224626Z[0m [32m INFO[0m [2mrocket::server[0m[2m:[0m POST / application/json:    
[2m2023-07-27T01:58:30.224632Z[0m [32m INFO[0m [2mrocket::server::_[0m[2m:[0m Matched: (handle_bitcoin_rpc_call) POST / application/json    
[2m2023-07-27T01:58:30.249840Z[0m [32m INFO[0m [2mrocket::server::_[0m[2m:[0m Outcome: Success    
[2m2023-07-27T01:58:30.249857Z[0m [32m INFO[0m [2mrocket::server::_[0m[2m:[0m Response succeeded.    
[2m2023-07-27T01:58:31.306269Z[0m [32m INFO[0m [2mrocket::server[0m[2m:[0m POST /new_burn_block application/json:    
[2m2023-07-27T01:58:31.306289Z[0m [32m INFO[0m [2mrocket::server::_[0m[2m:[0m Matched: (handle_new_bitcoin_block) POST /new_burn_block application/json    
[2m2023-07-27T01:58:31.307370Z[0m [32m INFO[0m [2mrocket::server::_[0m[2m:[0m Outcome: Success    
[2m2023-07-27T01:58:31.307395Z[0m [32m INFO[0m [2mrocket::server::_[0m[2m:[0m Response succeeded.    
[2m2023-07-27T01:58:32.543545Z[0m [32m INFO[0m [2mrocket::server[0m[2m:[0m POST / application/json:    
[2m2023-07-27T01:58:32.543565Z[0m [32m INFO[0m [2mrocket::server::_[0m[2m:[0m Matched: (handle_bitcoin_rpc_call) POST / application/json    
[2m2023-07-27T01:58:32.544278Z[0m [32m INFO[0m [2mrocket::server::_[0m[2m:[0m Outcome: Success    
[2m2023-07-27T01:58:32.544310Z[0m [32m INFO[0m [2mrocket::server::_[0m[2m:[0m Response succeeded.    
[2m2023-07-27T01:58:32.544555Z[0m [32m INFO[0m [2mrocket::server[0m[2m:[0m POST /wallet/ application/json:    
[2m2023-07-27T01:58:32.544567Z[0m [32m INFO[0m [2mrocket::server::_[0m[2m:[0m Matched: (handle_bitcoin_wallet_rpc_call) POST /wallet application/json    
[2m2023-07-27T01:58:32.545253Z[0m [32m INFO[0m [2mrocket::server::_[0m[2m:[0m Outcome: Success    
[2m2023-07-27T01:58:32.545288Z[0m [32m INFO[0m [2mrocket::server::_[0m[2m:[0m Response succeeded.    
[2m2023-07-27T01:58:32.545703Z[0m [32m INFO[0m [2mrocket::server[0m[2m:[0m POST / application/json:    
[2m2023-07-27T01:58:32.545710Z[0m [32m INFO[0m [2mrocket::server::_[0m[2m:[0m Matched: (handle_bitcoin_rpc_call) POST / application/json    
[2m2023-07-27T01:58:32.582532Z[0m [32m INFO[0m [2mrocket::server::_[0m[2m:[0m Outcome: Success    
[2m2023-07-27T01:58:32.582551Z[0m [32m INFO[0m [2mrocket::server::_[0m[2m:[0m Response succeeded.    
[2m2023-07-27T01:58:34.520794Z[0m [32m INFO[0m [2mrocket::server[0m[2m:[0m POST /new_burn_block application/json:    
[2m2023-07-27T01:58:34.520814Z[0m [32m INFO[0m [2mrocket::server::_[0m[2m:[0m Matched: (handle_new_bitcoin_block) POST /new_burn_block application/json    
[2m2023-07-27T01:58:34.522115Z[0m [32m INFO[0m [2mrocket::server::_[0m[2m:[0m Outcome: Success    
[2m2023-07-27T01:58:34.522150Z[0m [32m INFO[0m [2mrocket::server::_[0m[2m:[0m Response succeeded.    
[2m2023-07-27T01:58:35.621942Z[0m [32m INFO[0m [2mrocket::server[0m[2m:[0m POST /new_block application/json:    
[2m2023-07-27T01:58:35.621964Z[0m [32m INFO[0m [2mrocket::server::_[0m[2m:[0m Matched: (handle_new_stacks_block) POST /new_block application/json    
[2m2023-07-27T01:58:35.626748Z[0m [32m INFO[0m [2mrocket::server::_[0m[2m:[0m Outcome: Success    
[2m2023-07-27T01:58:35.626773Z[0m [32m INFO[0m [2mrocket::server::_[0m[2m:[0m Response succeeded.    
[2m2023-07-27T01:58:36.581910Z[0m [32m INFO[0m [2mrocket::server[0m[2m:[0m POST / application/json:    
[2m2023-07-27T01:58:36.581929Z[0m [32m INFO[0m [2mrocket::server::_[0m[2m:[0m Matched: (handle_bitcoin_rpc_call) POST / application/json    
[2m2023-07-27T01:58:36.582542Z[0m [32m INFO[0m [2mrocket::server::_[0m[2m:[0m Outcome: Success    
[2m2023-07-27T01:58:36.582567Z[0m [32m INFO[0m [2mrocket::server::_[0m[2m:[0m Response succeeded.    
[2m2023-07-27T01:58:36.582848Z[0m [32m INFO[0m [2mrocket::server[0m[2m:[0m POST /wallet/ application/json:    
[2m2023-07-27T01:58:36.582867Z[0m [32m INFO[0m [2mrocket::server::_[0m[2m:[0m Matched: (handle_bitcoin_wallet_rpc_call) POST /wallet application/json    
[2m2023-07-27T01:58:36.583566Z[0m [32m INFO[0m [2mrocket::server::_[0m[2m:[0m Outcome: Success    
[2m2023-07-27T01:58:36.583584Z[0m [32m INFO[0m [2mrocket::server::_[0m[2m:[0m Response succeeded.    
[2m2023-07-27T01:58:36.584013Z[0m [32m INFO[0m [2mrocket::server[0m[2m:[0m POST / application/json:    
[2m2023-07-27T01:58:36.584021Z[0m [32m INFO[0m [2mrocket::server::_[0m[2m:[0m Matched: (handle_bitcoin_rpc_call) POST / application/json    
[2m2023-07-27T01:58:36.593163Z[0m [32m INFO[0m [2mrocket::server::_[0m[2m:[0m Outcome: Success    
[2m2023-07-27T01:58:36.593199Z[0m [32m INFO[0m [2mrocket::server::_[0m[2m:[0m Response succeeded.    
